This file contains any messages produced by compilers while
running configure, to aid debugging if configure makes a mistake.

It was created by quvi configure 0.9.5, which was
generated by GNU Autoconf 2.69.  Invocation command line was

  $ ./configure 

## --------- ##
## Platform. ##
## --------- ##

hostname = Jonathans-MacBook-Pro.local
uname -m = x86_64
uname -r = 12.4.0
uname -s = Darwin
uname -v = Darwin Kernel Version 12.4.0: Wed May  1 17:57:12 PDT 2013; root:xnu-2050.24.15~1/RELEASE_X86_64

/usr/bin/uname -p = i386
/bin/uname -X     = unknown

/bin/arch              = unknown
/usr/bin/arch -k       = unknown
/usr/convex/getsysinfo = unknown
/usr/bin/hostinfo      = Mach kernel version:
	 Darwin Kernel Version 12.4.0: Wed May  1 17:57:12 PDT 2013; root:xnu-2050.24.15~1/RELEASE_X86_64
Kernel configured for up to 4 processors.
2 processors are physically available.
4 processors are logically available.
Processor type: i486 (Intel 80486)
Processors active: 0 1 2 3
Primary memory available: 8.00 gigabytes
Default processor set: 229 tasks, 1596 threads, 4 processors
Load average: 1.53, Mach factor: 2.53
/bin/machine           = unknown
/usr/bin/oslevel       = unknown
/bin/universe          = unknown

PATH: /Users/jearsh/.rvm/gems/ruby-2.0.0-p247/bin
PATH: /Users/jearsh/.rvm/gems/ruby-2.0.0-p247@global/bin
PATH: /Users/jearsh/.rvm/rubies/ruby-2.0.0-p247/bin
PATH: /Users/jearsh/.rvm/bin
PATH: /Users/jearsh/bin/app-binstubs
PATH: /Users/jearsh/bin/app-binstubs
PATH: ./stubs
PATH: .git/safe/../../bin
PATH: .git/bin
PATH: /Users/jearsh/bin
PATH: /usr/local/bin
PATH: /usr/bin
PATH: /bin
PATH: /usr/sbin
PATH: /sbin
PATH: ./stubs
PATH: /Users/jearsh/bin
PATH: /usr/X11/bin
PATH: /Users/jearsh/Sites/node_speed_rps/node_modules/js2coffee/node_modules/.bin
PATH: /Users/jearsh/Sites/node_speed_rps/node_modules/js2coffee/bin
PATH: /Developer/usr/bin
PATH: /Users/jearsh/Sites/node_speed_rps/node_modules/js2coffee/node_modules/.bin
PATH: /Users/jearsh/Sites/node_speed_rps/node_modules/js2coffee/bin
PATH: /Developer/usr/bin
PATH: /Users/jearsh/bin
PATH: /Users/jearsh/software/clive/bin


## ----------- ##
## Core tests. ##
## ----------- ##

configure:2399: checking build system type
configure:2413: result: x86_64-apple-darwin12.4.0
configure:2433: checking host system type
configure:2446: result: x86_64-apple-darwin12.4.0
configure:2466: checking target system type
configure:2479: result: x86_64-apple-darwin12.4.0
configure:2553: checking for gcc
configure:2569: found /usr/bin/gcc
configure:2580: result: gcc
configure:2809: checking for C compiler version
configure:2818: gcc --version >&5
i686-apple-darwin11-llvm-gcc-4.2 (GCC) 4.2.1 (Based on Apple Inc. build 5658) (LLVM build 2335.15.00)
Copyright (C) 2007 Free Software Foundation, Inc.
This is free software; see the source for copying conditions.  There is NO
warranty; not even for MERCHANTABILITY or FITNESS FOR A PARTICULAR PURPOSE.

configure:2829: $? = 0
configure:2818: gcc -v >&5
Using built-in specs.
Target: i686-apple-darwin11
Configured with: /private/var/tmp/llvmgcc42/llvmgcc42-2335.15~25/src/configure --disable-checking --enable-werror --prefix=/Developer/usr/llvm-gcc-4.2 --mandir=/share/man --enable-languages=c,objc,c++,obj-c++ --program-prefix=llvm- --program-transform-name=/^[cg][^.-]*$/s/$/-4.2/ --with-slibdir=/usr/lib --build=i686-apple-darwin11 --enable-llvm=/private/var/tmp/llvmgcc42/llvmgcc42-2335.15~25/dst-llvmCore/Developer/usr/local --program-prefix=i686-apple-darwin11- --host=x86_64-apple-darwin11 --target=i686-apple-darwin11 --with-gxx-include-dir=/usr/include/c++/4.2.1
Thread model: posix
gcc version 4.2.1 (Based on Apple Inc. build 5658) (LLVM build 2335.15.00)
configure:2829: $? = 0
configure:2818: gcc -V >&5
llvm-gcc-4.2: argument to `-V' is missing
configure:2829: $? = 1
configure:2818: gcc -qversion >&5
i686-apple-darwin11-llvm-gcc-4.2: no input files
configure:2829: $? = 1
configure:2849: checking whether the C compiler works
configure:2871: gcc    conftest.c  >&5
configure:2875: $? = 0
configure:2923: result: yes
configure:2926: checking for C compiler default output file name
configure:2928: result: a.out
configure:2934: checking for suffix of executables
configure:2941: gcc -o conftest    conftest.c  >&5
configure:2945: $? = 0
configure:2967: result: 
configure:2989: checking whether we are cross compiling
configure:2997: gcc -o conftest    conftest.c  >&5
configure:3001: $? = 0
configure:3008: ./conftest
configure:3012: $? = 0
configure:3027: result: no
configure:3032: checking for suffix of object files
configure:3054: gcc -c   conftest.c >&5
configure:3058: $? = 0
configure:3079: result: o
configure:3083: checking whether we are using the GNU C compiler
configure:3102: gcc -c   conftest.c >&5
configure:3102: $? = 0
configure:3111: result: yes
configure:3120: checking whether gcc accepts -g
configure:3140: gcc -c -g  conftest.c >&5
configure:3140: $? = 0
configure:3181: result: yes
configure:3198: checking for gcc option to accept ISO C89
configure:3261: gcc  -c -g -O2  conftest.c >&5
configure:3261: $? = 0
configure:3274: result: none needed
configure:3300: checking how to run the C preprocessor
configure:3331: gcc -E  conftest.c
configure:3331: $? = 0
configure:3345: gcc -E  conftest.c
conftest.c:10:28: error: ac_nonexistent.h: No such file or directory
configure:3345: $? = 1
configure: failed program was:
| /* confdefs.h */
| #define PACKAGE_NAME "quvi"
| #define PACKAGE_TARNAME "quvi"
| #define PACKAGE_VERSION "0.9.5"
| #define PACKAGE_STRING "quvi 0.9.5"
| #define PACKAGE_BUGREPORT "http://quvi.sf.net/bugs/"
| #define PACKAGE_URL "http://quvi.sf.net/"
| #define BUILD_OPTS ""
| /* end confdefs.h.  */
| #include <ac_nonexistent.h>
configure:3370: result: gcc -E
configure:3390: gcc -E  conftest.c
configure:3390: $? = 0
configure:3404: gcc -E  conftest.c
conftest.c:10:28: error: ac_nonexistent.h: No such file or directory
configure:3404: $? = 1
configure: failed program was:
| /* confdefs.h */
| #define PACKAGE_NAME "quvi"
| #define PACKAGE_TARNAME "quvi"
| #define PACKAGE_VERSION "0.9.5"
| #define PACKAGE_STRING "quvi 0.9.5"
| #define PACKAGE_BUGREPORT "http://quvi.sf.net/bugs/"
| #define PACKAGE_URL "http://quvi.sf.net/"
| #define BUILD_OPTS ""
| /* end confdefs.h.  */
| #include <ac_nonexistent.h>
configure:3433: checking for grep that handles long lines and -e
configure:3491: result: /usr/bin/grep
configure:3496: checking for egrep
configure:3558: result: /usr/bin/grep -E
configure:3563: checking for ANSI C header files
configure:3583: gcc -c -g -O2  conftest.c >&5
configure:3583: $? = 0
configure:3656: gcc -o conftest -g -O2   conftest.c  >&5
configure:3656: $? = 0
configure:3656: ./conftest
configure:3656: $? = 0
configure:3667: result: yes
configure:3680: checking for sys/types.h
configure:3680: gcc -c -g -O2  conftest.c >&5
configure:3680: $? = 0
configure:3680: result: yes
configure:3680: checking for sys/stat.h
configure:3680: gcc -c -g -O2  conftest.c >&5
configure:3680: $? = 0
configure:3680: result: yes
configure:3680: checking for stdlib.h
configure:3680: gcc -c -g -O2  conftest.c >&5
configure:3680: $? = 0
configure:3680: result: yes
configure:3680: checking for string.h
configure:3680: gcc -c -g -O2  conftest.c >&5
configure:3680: $? = 0
configure:3680: result: yes
configure:3680: checking for memory.h
configure:3680: gcc -c -g -O2  conftest.c >&5
configure:3680: $? = 0
configure:3680: result: yes
configure:3680: checking for strings.h
configure:3680: gcc -c -g -O2  conftest.c >&5
configure:3680: $? = 0
configure:3680: result: yes
configure:3680: checking for inttypes.h
configure:3680: gcc -c -g -O2  conftest.c >&5
configure:3680: $? = 0
configure:3680: result: yes
configure:3680: checking for stdint.h
configure:3680: gcc -c -g -O2  conftest.c >&5
configure:3680: $? = 0
configure:3680: result: yes
configure:3680: checking for unistd.h
configure:3680: gcc -c -g -O2  conftest.c >&5
configure:3680: $? = 0
configure:3680: result: yes
configure:3693: checking minix/config.h usability
configure:3693: gcc -c -g -O2  conftest.c >&5
conftest.c:53:26: error: minix/config.h: No such file or directory
configure:3693: $? = 1
configure: failed program was:
| /* confdefs.h */
| #define PACKAGE_NAME "quvi"
| #define PACKAGE_TARNAME "quvi"
| #define PACKAGE_VERSION "0.9.5"
| #define PACKAGE_STRING "quvi 0.9.5"
| #define PACKAGE_BUGREPORT "http://quvi.sf.net/bugs/"
| #define PACKAGE_URL "http://quvi.sf.net/"
| #define BUILD_OPTS ""
| #define STDC_HEADERS 1
| #define HAVE_SYS_TYPES_H 1
| #define HAVE_SYS_STAT_H 1
| #define HAVE_STDLIB_H 1
| #define HAVE_STRING_H 1
| #define HAVE_MEMORY_H 1
| #define HAVE_STRINGS_H 1
| #define HAVE_INTTYPES_H 1
| #define HAVE_STDINT_H 1
| #define HAVE_UNISTD_H 1
| /* end confdefs.h.  */
| #include <stdio.h>
| #ifdef HAVE_SYS_TYPES_H
| # include <sys/types.h>
| #endif
| #ifdef HAVE_SYS_STAT_H
| # include <sys/stat.h>
| #endif
| #ifdef STDC_HEADERS
| # include <stdlib.h>
| # include <stddef.h>
| #else
| # ifdef HAVE_STDLIB_H
| #  include <stdlib.h>
| # endif
| #endif
| #ifdef HAVE_STRING_H
| # if !defined STDC_HEADERS && defined HAVE_MEMORY_H
| #  include <memory.h>
| # endif
| # include <string.h>
| #endif
| #ifdef HAVE_STRINGS_H
| # include <strings.h>
| #endif
| #ifdef HAVE_INTTYPES_H
| # include <inttypes.h>
| #endif
| #ifdef HAVE_STDINT_H
| # include <stdint.h>
| #endif
| #ifdef HAVE_UNISTD_H
| # include <unistd.h>
| #endif
| #include <minix/config.h>
configure:3693: result: no
configure:3693: checking minix/config.h presence
configure:3693: gcc -E  conftest.c
conftest.c:20:26: error: minix/config.h: No such file or directory
configure:3693: $? = 1
configure: failed program was:
| /* confdefs.h */
| #define PACKAGE_NAME "quvi"
| #define PACKAGE_TARNAME "quvi"
| #define PACKAGE_VERSION "0.9.5"
| #define PACKAGE_STRING "quvi 0.9.5"
| #define PACKAGE_BUGREPORT "http://quvi.sf.net/bugs/"
| #define PACKAGE_URL "http://quvi.sf.net/"
| #define BUILD_OPTS ""
| #define STDC_HEADERS 1
| #define HAVE_SYS_TYPES_H 1
| #define HAVE_SYS_STAT_H 1
| #define HAVE_STDLIB_H 1
| #define HAVE_STRING_H 1
| #define HAVE_MEMORY_H 1
| #define HAVE_STRINGS_H 1
| #define HAVE_INTTYPES_H 1
| #define HAVE_STDINT_H 1
| #define HAVE_UNISTD_H 1
| /* end confdefs.h.  */
| #include <minix/config.h>
configure:3693: result: no
configure:3693: checking for minix/config.h
configure:3693: result: no
configure:3714: checking whether it is safe to define __EXTENSIONS__
configure:3732: gcc -c -g -O2  conftest.c >&5
configure:3732: $? = 0
configure:3739: result: yes
configure:3784: checking for a BSD-compatible install
configure:3852: result: /usr/bin/install -c
configure:3863: checking whether build environment is sane
configure:3913: result: yes
configure:4054: checking for a thread-safe mkdir -p
configure:4093: result: config.aux/install-sh -c -d
configure:4106: checking for gawk
configure:4136: result: no
configure:4106: checking for mawk
configure:4136: result: no
configure:4106: checking for nawk
configure:4136: result: no
configure:4106: checking for awk
configure:4122: found /usr/bin/awk
configure:4133: result: awk
configure:4144: checking whether make sets $(MAKE)
configure:4166: result: yes
configure:4196: checking for style of include used by make
configure:4224: result: GNU
configure:4304: checking how to create a ustar tar archive
configure:4317: tar --version
bsdtar 2.8.3 - libarchive 2.8.3
configure:4320: $? = 0
configure:4360: tardir=conftest.dir && eval tar --format=ustar -chf - "$tardir" >conftest.tar
configure:4363: $? = 0
configure:4367: tar -xf - <conftest.tar
configure:4370: $? = 0
configure:4383: result: gnutar
configure:4391: checking dependency style of gcc
configure:4502: result: gcc3
configure:4529: checking whether make supports nested variables
configure:4546: result: yes
configure:4609: checking for ar
configure:4625: found /usr/bin/ar
configure:4636: result: ar
configure:4662: checking the archiver (ar) interface
configure:4672: gcc -c -g -O2  conftest.c >&5
configure:4672: $? = 0
configure:4674: ar cru libconftest.a conftest.o >&5
configure:4677: $? = 0
configure:4700: result: ar
configure:4767: checking how to print strings
configure:4794: result: printf
configure:4815: checking for a sed that does not truncate output
configure:4879: result: /usr/bin/sed
configure:4897: checking for fgrep
configure:4959: result: /usr/bin/grep -F
configure:4994: checking for ld used by gcc
configure:5061: result: /usr/llvm-gcc-4.2/libexec/gcc/i686-apple-darwin11/4.2.1/ld
configure:5068: checking if the linker (/usr/llvm-gcc-4.2/libexec/gcc/i686-apple-darwin11/4.2.1/ld) is GNU ld
configure:5083: result: no
configure:5095: checking for BSD- or MS-compatible name lister (nm)
configure:5144: result: /usr/bin/nm
configure:5274: checking the name lister (/usr/bin/nm) interface
configure:5281: gcc -c -g -O2  conftest.c >&5
configure:5284: /usr/bin/nm "conftest.o"
configure:5287: output
00000000000001a4 S _some_variable
configure:5294: result: BSD nm
configure:5297: checking whether ln -s works
configure:5301: result: yes
configure:5309: checking the maximum length of command line arguments
configure:5439: result: 196608
configure:5456: checking whether the shell understands some XSI constructs
configure:5466: result: yes
configure:5470: checking whether the shell understands "+="
configure:5476: result: yes
configure:5511: checking how to convert x86_64-apple-darwin12.4.0 file names to x86_64-apple-darwin12.4.0 format
configure:5551: result: func_convert_file_noop
configure:5558: checking how to convert x86_64-apple-darwin12.4.0 file names to toolchain format
configure:5578: result: func_convert_file_noop
configure:5585: checking for /usr/llvm-gcc-4.2/libexec/gcc/i686-apple-darwin11/4.2.1/ld option to reload object files
configure:5592: result: -r
configure:5666: checking for objdump
configure:5696: result: no
configure:5725: checking how to recognize dependent libraries
configure:5923: result: pass_all
configure:6008: checking for dlltool
configure:6038: result: no
configure:6068: checking how to associate runtime and link libraries
configure:6095: result: printf %s\n
configure:6219: checking for archiver @FILE support
configure:6236: gcc -c -g -O2  conftest.c >&5
configure:6236: $? = 0
configure:6239: ar cru libconftest.a @conftest.lst >&5
ar: @conftest.lst: No such file or directory
configure:6242: $? = 1
configure:6262: result: no
configure:6320: checking for strip
configure:6336: found /usr/bin/strip
configure:6347: result: strip
configure:6419: checking for ranlib
configure:6435: found /usr/bin/ranlib
configure:6446: result: ranlib
configure:6548: checking command to parse /usr/bin/nm output from gcc object
configure:6668: gcc -c -g -O2  conftest.c >&5
configure:6671: $? = 0
configure:6675: /usr/bin/nm conftest.o \| sed -n -e 's/^.*[ ]\([BCDEGRST][BCDEGRST]*\)[ ][ ]*\([_A-Za-z][_A-Za-z0-9]*\)$/\1 \2 \2/p' | sed '/ __gnu_lto/d' \> conftest.nm
configure:6678: $? = 0
cannot find nm_test_var in conftest.nm
configure:6668: gcc -c -g -O2  conftest.c >&5
configure:6671: $? = 0
configure:6675: /usr/bin/nm conftest.o \| sed -n -e 's/^.*[ ]\([BCDEGRST][BCDEGRST]*\)[ ][ ]*_\([_A-Za-z][_A-Za-z0-9]*\)$/\1 _\2 \2/p' | sed '/ __gnu_lto/d' \> conftest.nm
configure:6678: $? = 0
configure:6744: gcc -o conftest -g -O2   conftest.c conftstm.o >&5
configure:6747: $? = 0
configure:6785: result: ok
configure:6822: checking for sysroot
configure:6852: result: no
configure:7108: checking for mt
configure:7138: result: no
configure:7158: checking if : is a manifest tool
configure:7164: : '-?'
configure:7172: result: no
configure:7228: checking for dsymutil
configure:7244: found /usr/bin/dsymutil
configure:7255: result: dsymutil
configure:7320: checking for nmedit
configure:7336: found /usr/bin/nmedit
configure:7347: result: nmedit
configure:7412: checking for lipo
configure:7428: found /usr/bin/lipo
configure:7439: result: lipo
configure:7504: checking for otool
configure:7520: found /usr/bin/otool
configure:7531: result: otool
configure:7596: checking for otool64
configure:7626: result: no
configure:7671: checking for -single_module linker flag
gcc -g -O2  -o libconftest.dylib -dynamiclib -Wl,-single_module conftest.c
configure:7704: result: yes
configure:7707: checking for -exported_symbols_list linker flag
configure:7727: gcc -o conftest -g -O2   -Wl,-exported_symbols_list,conftest.sym conftest.c  >&5
configure:7727: $? = 0
configure:7737: result: yes
configure:7740: checking for -force_load linker flag
gcc -g -O2 -c -o conftest.o conftest.c
ar cru libconftest.a conftest.o
ranlib libconftest.a
gcc -g -O2  -o conftest conftest.c -Wl,-force_load,./libconftest.a
configure:7772: result: yes
configure:7811: checking for dlfcn.h
configure:7811: gcc -c -g -O2  conftest.c >&5
configure:7811: $? = 0
configure:7811: result: yes
configure:8016: checking for objdir
configure:8031: result: .libs
configure:8302: checking if gcc supports -fno-rtti -fno-exceptions
configure:8320: gcc -c -g -O2  -fno-rtti -fno-exceptions conftest.c >&5
cc1: warning: command line option "-fno-rtti" is valid for C++/ObjC++ but not for C
configure:8324: $? = 0
configure:8337: result: no
configure:8664: checking for gcc option to produce PIC
configure:8671: result: -fno-common -DPIC
configure:8679: checking if gcc PIC flag -fno-common -DPIC works
configure:8697: gcc -c -g -O2  -fno-common -DPIC -DPIC conftest.c >&5
configure:8701: $? = 0
configure:8714: result: yes
configure:8743: checking if gcc static flag -static works
configure:8771: result: no
configure:8786: checking if gcc supports -c -o file.o
configure:8807: gcc -c -g -O2  -o out/conftest2.o conftest.c >&5
configure:8811: $? = 0
configure:8833: result: yes
configure:8841: checking if gcc supports -c -o file.o
configure:8888: result: yes
configure:8921: checking whether the gcc linker (/usr/llvm-gcc-4.2/libexec/gcc/i686-apple-darwin11/4.2.1/ld) supports shared libraries
configure:10078: result: yes
configure:10318: checking dynamic linker characteristics
configure:11052: result: darwin12.4.0 dyld
configure:11159: checking how to hardcode library paths into programs
configure:11184: result: immediate
configure:11724: checking whether stripping libraries is possible
configure:11738: result: yes
configure:11764: checking if libtool supports shared libraries
configure:11766: result: yes
configure:11769: checking whether to build shared libraries
configure:11790: result: yes
configure:11793: checking whether to build static libraries
configure:11797: result: no
configure:11838: checking whether NLS is requested
configure:11847: result: yes
configure:11888: checking for msgfmt
configure:11923: result: no
configure:11929: checking for gmsgfmt
configure:11960: result: :
configure:12011: checking for xgettext
configure:12046: result: no
configure:12089: checking for msgmerge
configure:12123: result: no
configure:12177: checking for ld used by GCC
configure:12241: result: /usr/llvm-gcc-4.2/libexec/gcc/i686-apple-darwin11/4.2.1/ld
configure:12248: checking if the linker (/usr/llvm-gcc-4.2/libexec/gcc/i686-apple-darwin11/4.2.1/ld) is GNU ld
configure:12261: result: no
configure:12268: checking for shared library run path origin
configure:12281: result: done
configure:12853: checking for CFPreferencesCopyAppValue
configure:12871: gcc -o conftest -g -O2   conftest.c  -Wl,-framework -Wl,CoreFoundation >&5
conftest.c:31:42: error: CoreFoundation/CFPreferences.h: No such file or directory
conftest.c: In function 'main':
conftest.c:35: error: 'NULL' undeclared (first use in this function)
conftest.c:35: error: (Each undeclared identifier is reported only once
conftest.c:35: error: for each function it appears in.)
configure:12871: $? = 1
configure: failed program was:
| /* confdefs.h */
| #define PACKAGE_NAME "quvi"
| #define PACKAGE_TARNAME "quvi"
| #define PACKAGE_VERSION "0.9.5"
| #define PACKAGE_STRING "quvi 0.9.5"
| #define PACKAGE_BUGREPORT "http://quvi.sf.net/bugs/"
| #define PACKAGE_URL "http://quvi.sf.net/"
| #define BUILD_OPTS ""
| #define STDC_HEADERS 1
| #define HAVE_SYS_TYPES_H 1
| #define HAVE_SYS_STAT_H 1
| #define HAVE_STDLIB_H 1
| #define HAVE_STRING_H 1
| #define HAVE_MEMORY_H 1
| #define HAVE_STRINGS_H 1
| #define HAVE_INTTYPES_H 1
| #define HAVE_STDINT_H 1
| #define HAVE_UNISTD_H 1
| #define __EXTENSIONS__ 1
| #define _ALL_SOURCE 1
| #define _GNU_SOURCE 1
| #define _POSIX_PTHREAD_SEMANTICS 1
| #define _TANDEM_SOURCE 1
| #define CANONICAL_TARGET "x86_64-apple-darwin12.4.0"
| #define CANONICAL_HOST "x86_64-apple-darwin12.4.0"
| #define PACKAGE "quvi"
| #define VERSION "0.9.5"
| #define HAVE_DLFCN_H 1
| #define LT_OBJDIR ".libs/"
| /* end confdefs.h.  */
| #include <CoreFoundation/CFPreferences.h>
| int
| main ()
| {
| CFPreferencesCopyAppValue(NULL, NULL)
|   ;
|   return 0;
| }
configure:12880: result: no
configure:12887: checking for CFLocaleCopyCurrent
configure:12905: gcc -o conftest -g -O2   conftest.c  -Wl,-framework -Wl,CoreFoundation >&5
conftest.c:31:37: error: CoreFoundation/CFLocale.h: No such file or directory
configure:12905: $? = 1
configure: failed program was:
| /* confdefs.h */
| #define PACKAGE_NAME "quvi"
| #define PACKAGE_TARNAME "quvi"
| #define PACKAGE_VERSION "0.9.5"
| #define PACKAGE_STRING "quvi 0.9.5"
| #define PACKAGE_BUGREPORT "http://quvi.sf.net/bugs/"
| #define PACKAGE_URL "http://quvi.sf.net/"
| #define BUILD_OPTS ""
| #define STDC_HEADERS 1
| #define HAVE_SYS_TYPES_H 1
| #define HAVE_SYS_STAT_H 1
| #define HAVE_STDLIB_H 1
| #define HAVE_STRING_H 1
| #define HAVE_MEMORY_H 1
| #define HAVE_STRINGS_H 1
| #define HAVE_INTTYPES_H 1
| #define HAVE_STDINT_H 1
| #define HAVE_UNISTD_H 1
| #define __EXTENSIONS__ 1
| #define _ALL_SOURCE 1
| #define _GNU_SOURCE 1
| #define _POSIX_PTHREAD_SEMANTICS 1
| #define _TANDEM_SOURCE 1
| #define CANONICAL_TARGET "x86_64-apple-darwin12.4.0"
| #define CANONICAL_HOST "x86_64-apple-darwin12.4.0"
| #define PACKAGE "quvi"
| #define VERSION "0.9.5"
| #define HAVE_DLFCN_H 1
| #define LT_OBJDIR ".libs/"
| /* end confdefs.h.  */
| #include <CoreFoundation/CFLocale.h>
| int
| main ()
| {
| CFLocaleCopyCurrent();
|   ;
|   return 0;
| }
configure:12914: result: no
configure:12963: checking for GNU gettext in libc
configure:12983: gcc -o conftest -g -O2   conftest.c  >&5
conftest.c:31:21: error: libintl.h: No such file or directory
conftest.c: In function 'main':
conftest.c:39: warning: incompatible implicit declaration of built-in function 'gettext'
configure:12983: $? = 1
configure: failed program was:
| /* confdefs.h */
| #define PACKAGE_NAME "quvi"
| #define PACKAGE_TARNAME "quvi"
| #define PACKAGE_VERSION "0.9.5"
| #define PACKAGE_STRING "quvi 0.9.5"
| #define PACKAGE_BUGREPORT "http://quvi.sf.net/bugs/"
| #define PACKAGE_URL "http://quvi.sf.net/"
| #define BUILD_OPTS ""
| #define STDC_HEADERS 1
| #define HAVE_SYS_TYPES_H 1
| #define HAVE_SYS_STAT_H 1
| #define HAVE_STDLIB_H 1
| #define HAVE_STRING_H 1
| #define HAVE_MEMORY_H 1
| #define HAVE_STRINGS_H 1
| #define HAVE_INTTYPES_H 1
| #define HAVE_STDINT_H 1
| #define HAVE_UNISTD_H 1
| #define __EXTENSIONS__ 1
| #define _ALL_SOURCE 1
| #define _GNU_SOURCE 1
| #define _POSIX_PTHREAD_SEMANTICS 1
| #define _TANDEM_SOURCE 1
| #define CANONICAL_TARGET "x86_64-apple-darwin12.4.0"
| #define CANONICAL_HOST "x86_64-apple-darwin12.4.0"
| #define PACKAGE "quvi"
| #define VERSION "0.9.5"
| #define HAVE_DLFCN_H 1
| #define LT_OBJDIR ".libs/"
| /* end confdefs.h.  */
| #include <libintl.h>
| 
| extern int _nl_msg_cat_cntr;
| extern int *_nl_domain_bindings;
| int
| main ()
| {
| bindtextdomain ("", "");
| return * gettext ("") + _nl_msg_cat_cntr + *_nl_domain_bindings
|   ;
|   return 0;
| }
configure:12992: result: no
configure:13026: checking for iconv
configure:13048: gcc -o conftest -g -O2   conftest.c  >&5
Undefined symbols for architecture x86_64:
  "_iconv_open", referenced from:
      _main in ccBqhkWb.o
  "_iconv", referenced from:
      _main in ccBqhkWb.o
  "_iconv_close", referenced from:
      _main in ccBqhkWb.o
ld: symbol(s) not found for architecture x86_64
collect2: ld returned 1 exit status
configure:13048: $? = 1
configure: failed program was:
| /* confdefs.h */
| #define PACKAGE_NAME "quvi"
| #define PACKAGE_TARNAME "quvi"
| #define PACKAGE_VERSION "0.9.5"
| #define PACKAGE_STRING "quvi 0.9.5"
| #define PACKAGE_BUGREPORT "http://quvi.sf.net/bugs/"
| #define PACKAGE_URL "http://quvi.sf.net/"
| #define BUILD_OPTS ""
| #define STDC_HEADERS 1
| #define HAVE_SYS_TYPES_H 1
| #define HAVE_SYS_STAT_H 1
| #define HAVE_STDLIB_H 1
| #define HAVE_STRING_H 1
| #define HAVE_MEMORY_H 1
| #define HAVE_STRINGS_H 1
| #define HAVE_INTTYPES_H 1
| #define HAVE_STDINT_H 1
| #define HAVE_UNISTD_H 1
| #define __EXTENSIONS__ 1
| #define _ALL_SOURCE 1
| #define _GNU_SOURCE 1
| #define _POSIX_PTHREAD_SEMANTICS 1
| #define _TANDEM_SOURCE 1
| #define CANONICAL_TARGET "x86_64-apple-darwin12.4.0"
| #define CANONICAL_HOST "x86_64-apple-darwin12.4.0"
| #define PACKAGE "quvi"
| #define VERSION "0.9.5"
| #define HAVE_DLFCN_H 1
| #define LT_OBJDIR ".libs/"
| /* end confdefs.h.  */
| #include <stdlib.h>
| #include <iconv.h>
| int
| main ()
| {
| iconv_t cd = iconv_open("","");
|        iconv(cd,NULL,NULL,NULL,NULL);
|        iconv_close(cd);
|   ;
|   return 0;
| }
configure:13070: gcc -o conftest -g -O2   conftest.c  -liconv >&5
configure:13070: $? = 0
configure:13080: result: yes
configure:13083: checking for working iconv
configure:13178: gcc -o conftest -g -O2   conftest.c  -liconv >&5
configure:13178: $? = 0
configure:13178: ./conftest
configure:13178: $? = 0
configure:13190: result: yes
configure:13205: checking how to link with libiconv
configure:13207: result: -liconv
configure:13679: checking for GNU gettext in libintl
configure:13707: gcc -o conftest -g -O2    conftest.c  -lintl >&5
conftest.c:32:21: error: libintl.h: No such file or directory
conftest.c: In function 'main':
conftest.c:44: warning: incompatible implicit declaration of built-in function 'gettext'
configure:13707: $? = 1
configure: failed program was:
| /* confdefs.h */
| #define PACKAGE_NAME "quvi"
| #define PACKAGE_TARNAME "quvi"
| #define PACKAGE_VERSION "0.9.5"
| #define PACKAGE_STRING "quvi 0.9.5"
| #define PACKAGE_BUGREPORT "http://quvi.sf.net/bugs/"
| #define PACKAGE_URL "http://quvi.sf.net/"
| #define BUILD_OPTS ""
| #define STDC_HEADERS 1
| #define HAVE_SYS_TYPES_H 1
| #define HAVE_SYS_STAT_H 1
| #define HAVE_STDLIB_H 1
| #define HAVE_STRING_H 1
| #define HAVE_MEMORY_H 1
| #define HAVE_STRINGS_H 1
| #define HAVE_INTTYPES_H 1
| #define HAVE_STDINT_H 1
| #define HAVE_UNISTD_H 1
| #define __EXTENSIONS__ 1
| #define _ALL_SOURCE 1
| #define _GNU_SOURCE 1
| #define _POSIX_PTHREAD_SEMANTICS 1
| #define _TANDEM_SOURCE 1
| #define CANONICAL_TARGET "x86_64-apple-darwin12.4.0"
| #define CANONICAL_HOST "x86_64-apple-darwin12.4.0"
| #define PACKAGE "quvi"
| #define VERSION "0.9.5"
| #define HAVE_DLFCN_H 1
| #define LT_OBJDIR ".libs/"
| #define HAVE_ICONV 1
| /* end confdefs.h.  */
| #include <libintl.h>
| 
| extern int _nl_msg_cat_cntr;
| extern
| #ifdef __cplusplus
| "C"
| #endif
| const char *_nl_expand_alias (const char *);
| int
| main ()
| {
| bindtextdomain ("", "");
| return * gettext ("") + _nl_msg_cat_cntr + *_nl_expand_alias ("")
|   ;
|   return 0;
| }
configure:13735: gcc -o conftest -g -O2    conftest.c  -lintl -liconv >&5
conftest.c:32:21: error: libintl.h: No such file or directory
conftest.c: In function 'main':
conftest.c:44: warning: incompatible implicit declaration of built-in function 'gettext'
configure:13735: $? = 1
configure: failed program was:
| /* confdefs.h */
| #define PACKAGE_NAME "quvi"
| #define PACKAGE_TARNAME "quvi"
| #define PACKAGE_VERSION "0.9.5"
| #define PACKAGE_STRING "quvi 0.9.5"
| #define PACKAGE_BUGREPORT "http://quvi.sf.net/bugs/"
| #define PACKAGE_URL "http://quvi.sf.net/"
| #define BUILD_OPTS ""
| #define STDC_HEADERS 1
| #define HAVE_SYS_TYPES_H 1
| #define HAVE_SYS_STAT_H 1
| #define HAVE_STDLIB_H 1
| #define HAVE_STRING_H 1
| #define HAVE_MEMORY_H 1
| #define HAVE_STRINGS_H 1
| #define HAVE_INTTYPES_H 1
| #define HAVE_STDINT_H 1
| #define HAVE_UNISTD_H 1
| #define __EXTENSIONS__ 1
| #define _ALL_SOURCE 1
| #define _GNU_SOURCE 1
| #define _POSIX_PTHREAD_SEMANTICS 1
| #define _TANDEM_SOURCE 1
| #define CANONICAL_TARGET "x86_64-apple-darwin12.4.0"
| #define CANONICAL_HOST "x86_64-apple-darwin12.4.0"
| #define PACKAGE "quvi"
| #define VERSION "0.9.5"
| #define HAVE_DLFCN_H 1
| #define LT_OBJDIR ".libs/"
| #define HAVE_ICONV 1
| /* end confdefs.h.  */
| #include <libintl.h>
| 
| extern int _nl_msg_cat_cntr;
| extern
| #ifdef __cplusplus
| "C"
| #endif
| const char *_nl_expand_alias (const char *);
| int
| main ()
| {
| bindtextdomain ("", "");
| return * gettext ("") + _nl_msg_cat_cntr + *_nl_expand_alias ("")
|   ;
|   return 0;
| }
configure:13748: result: no
configure:13783: checking whether to use NLS
configure:13785: result: no
configure:13912: checking for gcc
configure:13939: result: gcc
configure:14168: checking for C compiler version
configure:14177: gcc --version >&5
i686-apple-darwin11-llvm-gcc-4.2 (GCC) 4.2.1 (Based on Apple Inc. build 5658) (LLVM build 2335.15.00)
Copyright (C) 2007 Free Software Foundation, Inc.
This is free software; see the source for copying conditions.  There is NO
warranty; not even for MERCHANTABILITY or FITNESS FOR A PARTICULAR PURPOSE.

configure:14188: $? = 0
configure:14177: gcc -v >&5
Using built-in specs.
Target: i686-apple-darwin11
Configured with: /private/var/tmp/llvmgcc42/llvmgcc42-2335.15~25/src/configure --disable-checking --enable-werror --prefix=/Developer/usr/llvm-gcc-4.2 --mandir=/share/man --enable-languages=c,objc,c++,obj-c++ --program-prefix=llvm- --program-transform-name=/^[cg][^.-]*$/s/$/-4.2/ --with-slibdir=/usr/lib --build=i686-apple-darwin11 --enable-llvm=/private/var/tmp/llvmgcc42/llvmgcc42-2335.15~25/dst-llvmCore/Developer/usr/local --program-prefix=i686-apple-darwin11- --host=x86_64-apple-darwin11 --target=i686-apple-darwin11 --with-gxx-include-dir=/usr/include/c++/4.2.1
Thread model: posix
gcc version 4.2.1 (Based on Apple Inc. build 5658) (LLVM build 2335.15.00)
configure:14188: $? = 0
configure:14177: gcc -V >&5
llvm-gcc-4.2: argument to `-V' is missing
configure:14188: $? = 1
configure:14177: gcc -qversion >&5
i686-apple-darwin11-llvm-gcc-4.2: no input files
configure:14188: $? = 1
configure:14192: checking whether we are using the GNU C compiler
configure:14220: result: yes
configure:14229: checking whether gcc accepts -g
configure:14290: result: yes
configure:14307: checking for gcc option to accept ISO C89
configure:14383: result: none needed
configure:14404: checking whether gcc and cc understand -c and -o together
configure:14435: gcc -c conftest.c -o conftest2.o >&5
configure:14439: $? = 0
configure:14445: gcc -c conftest.c -o conftest2.o >&5
configure:14449: $? = 0
configure:14460: cc -c conftest.c >&5
configure:14464: $? = 0
configure:14472: cc -c conftest.c -o conftest2.o >&5
configure:14476: $? = 0
configure:14482: cc -c conftest.c -o conftest2.o >&5
configure:14486: $? = 0
configure:14504: result: yes
configure:14543: checking for date
configure:14561: found /bin/date
configure:14574: result: /bin/date
configure:14593: checking for a2x
configure:14624: result: no
configure:14701: checking for pkg-config
configure:14719: found /usr/local/bin/pkg-config
configure:14731: result: /usr/local/bin/pkg-config
configure:14756: checking pkg-config is at least version 0.9.0
configure:14759: result: yes
configure:14769: checking for libquvi
configure:14776: $PKG_CONFIG --exists --print-errors "libquvi-0.9 >= 0.9"
Package libquvi-0.9 was not found in the pkg-config search path.
Perhaps you should add the directory containing `libquvi-0.9.pc'
to the PKG_CONFIG_PATH environment variable
No package 'libquvi-0.9' found
configure:14779: $? = 1
configure:14793: $PKG_CONFIG --exists --print-errors "libquvi-0.9 >= 0.9"
Package libquvi-0.9 was not found in the pkg-config search path.
Perhaps you should add the directory containing `libquvi-0.9.pc'
to the PKG_CONFIG_PATH environment variable
No package 'libquvi-0.9' found
configure:14796: $? = 1
configure:14810: result: no
No package 'libquvi-0.9' found
configure:14826: error: Package requirements (libquvi-0.9 >= 0.9) were not met:

No package 'libquvi-0.9' found

Consider adjusting the PKG_CONFIG_PATH environment variable if you
installed software in a non-standard prefix.

Alternatively, you may set the environment variables libquvi_CFLAGS
and libquvi_LIBS to avoid the need to call pkg-config.
See the pkg-config man page for more details.

## ---------------- ##
## Cache variables. ##
## ---------------- ##

ac_cv_build=x86_64-apple-darwin12.4.0
ac_cv_c_compiler_gnu=yes
ac_cv_env_CC_set=
ac_cv_env_CC_value=
ac_cv_env_CFLAGS_set=
ac_cv_env_CFLAGS_value=
ac_cv_env_CPPFLAGS_set=
ac_cv_env_CPPFLAGS_value=
ac_cv_env_CPP_set=
ac_cv_env_CPP_value=
ac_cv_env_LDFLAGS_set=
ac_cv_env_LDFLAGS_value=
ac_cv_env_LIBS_set=
ac_cv_env_LIBS_value=
ac_cv_env_PKG_CONFIG_LIBDIR_set=
ac_cv_env_PKG_CONFIG_LIBDIR_value=
ac_cv_env_PKG_CONFIG_PATH_set=
ac_cv_env_PKG_CONFIG_PATH_value=
ac_cv_env_PKG_CONFIG_set=
ac_cv_env_PKG_CONFIG_value=
ac_cv_env_build_alias_set=
ac_cv_env_build_alias_value=
ac_cv_env_glib_CFLAGS_set=
ac_cv_env_glib_CFLAGS_value=
ac_cv_env_glib_LIBS_set=
ac_cv_env_glib_LIBS_value=
ac_cv_env_gobject_CFLAGS_set=
ac_cv_env_gobject_CFLAGS_value=
ac_cv_env_gobject_LIBS_set=
ac_cv_env_gobject_LIBS_value=
ac_cv_env_host_alias_set=
ac_cv_env_host_alias_value=
ac_cv_env_json_glib_CFLAGS_set=
ac_cv_env_json_glib_CFLAGS_value=
ac_cv_env_json_glib_LIBS_set=
ac_cv_env_json_glib_LIBS_value=
ac_cv_env_libcurl_CFLAGS_set=
ac_cv_env_libcurl_CFLAGS_value=
ac_cv_env_libcurl_LIBS_set=
ac_cv_env_libcurl_LIBS_value=
ac_cv_env_libquvi_CFLAGS_set=
ac_cv_env_libquvi_CFLAGS_value=
ac_cv_env_libquvi_LIBS_set=
ac_cv_env_libquvi_LIBS_value=
ac_cv_env_libxml_CFLAGS_set=
ac_cv_env_libxml_CFLAGS_value=
ac_cv_env_libxml_LIBS_set=
ac_cv_env_libxml_LIBS_value=
ac_cv_env_target_alias_set=
ac_cv_env_target_alias_value=
ac_cv_header_dlfcn_h=yes
ac_cv_header_inttypes_h=yes
ac_cv_header_memory_h=yes
ac_cv_header_minix_config_h=no
ac_cv_header_stdc=yes
ac_cv_header_stdint_h=yes
ac_cv_header_stdlib_h=yes
ac_cv_header_string_h=yes
ac_cv_header_strings_h=yes
ac_cv_header_sys_stat_h=yes
ac_cv_header_sys_types_h=yes
ac_cv_header_unistd_h=yes
ac_cv_host=x86_64-apple-darwin12.4.0
ac_cv_objext=o
ac_cv_path_A2X=no
ac_cv_path_DATE=/bin/date
ac_cv_path_EGREP='/usr/bin/grep -E'
ac_cv_path_FGREP='/usr/bin/grep -F'
ac_cv_path_GMSGFMT=:
ac_cv_path_GREP=/usr/bin/grep
ac_cv_path_MSGFMT=:
ac_cv_path_MSGMERGE=:
ac_cv_path_SED=/usr/bin/sed
ac_cv_path_XGETTEXT=:
ac_cv_path_ac_pt_PKG_CONFIG=/usr/local/bin/pkg-config
ac_cv_path_install='/usr/bin/install -c'
ac_cv_prog_AWK=awk
ac_cv_prog_CPP='gcc -E'
ac_cv_prog_ac_ct_AR=ar
ac_cv_prog_ac_ct_CC=gcc
ac_cv_prog_ac_ct_DSYMUTIL=dsymutil
ac_cv_prog_ac_ct_LIPO=lipo
ac_cv_prog_ac_ct_NMEDIT=nmedit
ac_cv_prog_ac_ct_OTOOL=otool
ac_cv_prog_ac_ct_RANLIB=ranlib
ac_cv_prog_ac_ct_STRIP=strip
ac_cv_prog_cc_c89=
ac_cv_prog_cc_g=yes
ac_cv_prog_cc_gcc_c_o=yes
ac_cv_prog_make_make_set=yes
ac_cv_safe_to_define___extensions__=yes
ac_cv_target=x86_64-apple-darwin12.4.0
acl_cv_hardcode_direct=no
acl_cv_hardcode_libdir_flag_spec=
acl_cv_hardcode_libdir_separator=
acl_cv_hardcode_minus_L=no
acl_cv_libext=a
acl_cv_libname_spec='lib$name'
acl_cv_library_names_spec='$libname$shrext'
acl_cv_path_LD=/usr/llvm-gcc-4.2/libexec/gcc/i686-apple-darwin11/4.2.1/ld
acl_cv_prog_gnu_ld=no
acl_cv_rpath=done
acl_cv_shlibext=dylib
acl_cv_wl=-Wl,
am_cv_CC_dependencies_compiler_type=gcc3
am_cv_ar_interface=ar
am_cv_func_iconv=yes
am_cv_func_iconv_works=yes
am_cv_lib_iconv=yes
am_cv_make_support_nested_variables=yes
am_cv_prog_tar_ustar=gnutar
gt_cv_func_CFLocaleCopyCurrent=no
gt_cv_func_CFPreferencesCopyAppValue=no
gt_cv_func_gnugettext1_libc=no
gt_cv_func_gnugettext1_libintl=no
lt_cv_apple_cc_single_mod=yes
lt_cv_ar_at_file=no
lt_cv_deplibs_check_method=pass_all
lt_cv_file_magic_cmd='$MAGIC_CMD'
lt_cv_file_magic_test_file=
lt_cv_ld_exported_symbols_list=yes
lt_cv_ld_force_load=yes
lt_cv_ld_reload_flag=-r
lt_cv_nm_interface='BSD nm'
lt_cv_objdir=.libs
lt_cv_path_LD=/usr/llvm-gcc-4.2/libexec/gcc/i686-apple-darwin11/4.2.1/ld
lt_cv_path_NM=/usr/bin/nm
lt_cv_path_mainfest_tool=no
lt_cv_prog_compiler_c_o=yes
lt_cv_prog_compiler_pic='-fno-common -DPIC'
lt_cv_prog_compiler_pic_works=yes
lt_cv_prog_compiler_rtti_exceptions=no
lt_cv_prog_compiler_static_works=no
lt_cv_prog_gnu_ld=no
lt_cv_sharedlib_from_linklib_cmd='printf %s\n'
lt_cv_sys_global_symbol_pipe='sed -n -e '\''s/^.*[	 ]\([BCDEGRST][BCDEGRST]*\)[	 ][	 ]*_\([_A-Za-z][_A-Za-z0-9]*\)$/\1 _\2 \2/p'\'' | sed '\''/ __gnu_lto/d'\'''
lt_cv_sys_global_symbol_to_c_name_address='sed -n -e '\''s/^: \([^ ]*\)[ ]*$/  {\"\1\", (void *) 0},/p'\'' -e '\''s/^[BCDEGRST]* \([^ ]*\) \([^ ]*\)$/  {"\2", (void *) \&\2},/p'\'''
lt_cv_sys_global_symbol_to_c_name_address_lib_prefix='sed -n -e '\''s/^: \([^ ]*\)[ ]*$/  {\"\1\", (void *) 0},/p'\'' -e '\''s/^[BCDEGRST]* \([^ ]*\) \(lib[^ ]*\)$/  {"\2", (void *) \&\2},/p'\'' -e '\''s/^[BCDEGRST]* \([^ ]*\) \([^ ]*\)$/  {"lib\2", (void *) \&\2},/p'\'''
lt_cv_sys_global_symbol_to_cdecl='sed -n -e '\''s/^T .* \(.*\)$/extern int \1();/p'\'' -e '\''s/^[BCDEGRST]* .* \(.*\)$/extern char \1;/p'\'''
lt_cv_sys_max_cmd_len=196608
lt_cv_to_host_file_cmd=func_convert_file_noop
lt_cv_to_tool_file_cmd=func_convert_file_noop

## ----------------- ##
## Output variables. ##
## ----------------- ##

A2X='no'
ACLOCAL='${SHELL} /Users/jearsh/software/quvi-devel/quvi-0.9.5/config.aux/missing --run aclocal-1.11'
AMDEPBACKSLASH='\'
AMDEP_FALSE='#'
AMDEP_TRUE=''
AMTAR='$${TAR-tar}'
AM_BACKSLASH='\'
AM_DEFAULT_V='$(AM_DEFAULT_VERBOSITY)'
AM_DEFAULT_VERBOSITY='0'
AM_V='$(V)'
AR='ar'
AUTOCONF='${SHELL} /Users/jearsh/software/quvi-devel/quvi-0.9.5/config.aux/missing --run autoconf'
AUTOHEADER='${SHELL} /Users/jearsh/software/quvi-devel/quvi-0.9.5/config.aux/missing --run autoheader'
AUTOMAKE='${SHELL} /Users/jearsh/software/quvi-devel/quvi-0.9.5/config.aux/missing --run automake-1.11'
AWK='awk'
CC='gcc'
CCDEPMODE='depmode=gcc3'
CFLAGS='-g -O2'
CPP='gcc -E'
CPPFLAGS=''
CYGPATH_W='echo'
DATE='/bin/date'
DEFS=''
DEPDIR='.deps'
DLLTOOL='false'
DSYMUTIL='dsymutil'
DUMPBIN=''
ECHO_C='\c'
ECHO_N=''
ECHO_T=''
EGREP='/usr/bin/grep -E'
EXEEXT=''
FGREP='/usr/bin/grep -F'
GETTEXT_MACRO_VERSION='0.18'
GETTEXT_PACKAGE='PACKAGE'
GMSGFMT=':'
GMSGFMT_015=':'
GREP='/usr/bin/grep'
HAVE_A2X_FALSE=''
HAVE_A2X_TRUE='#'
HAVE_JSON_GLIB_FALSE=''
HAVE_JSON_GLIB_TRUE=''
HAVE_LIBXML_FALSE=''
HAVE_LIBXML_TRUE=''
INSTALL_DATA='${INSTALL} -m 644'
INSTALL_PROGRAM='${INSTALL}'
INSTALL_SCRIPT='${INSTALL}'
INSTALL_STRIP_PROGRAM='$(install_sh) -c -s'
INTLLIBS=''
INTL_MACOSX_LIBS=''
LD='/usr/llvm-gcc-4.2/libexec/gcc/i686-apple-darwin11/4.2.1/ld'
LDFLAGS=''
LIBICONV='-liconv'
LIBINTL=''
LIBOBJS=''
LIBS=''
LIBTOOL='$(SHELL) $(top_builddir)/libtool'
LIPO='lipo'
LN_S='ln -s'
LTLIBICONV='-liconv'
LTLIBINTL=''
LTLIBOBJS=''
MAKEINFO='${SHELL} /Users/jearsh/software/quvi-devel/quvi-0.9.5/config.aux/missing --run makeinfo'
MANIFEST_TOOL=':'
MKDIR_P='config.aux/install-sh -c -d'
MSGFMT=':'
MSGFMT_015=':'
MSGMERGE=':'
NM='/usr/bin/nm'
NMEDIT='nmedit'
OBJDUMP='false'
OBJEXT='o'
OTOOL64=':'
OTOOL='otool'
PACKAGE='quvi'
PACKAGE_BUGREPORT='http://quvi.sf.net/bugs/'
PACKAGE_NAME='quvi'
PACKAGE_STRING='quvi 0.9.5'
PACKAGE_TARNAME='quvi'
PACKAGE_URL='http://quvi.sf.net/'
PACKAGE_VERSION='0.9.5'
PATH_SEPARATOR=':'
PKG_CONFIG='/usr/local/bin/pkg-config'
PKG_CONFIG_LIBDIR=''
PKG_CONFIG_PATH=''
POSUB=''
RANLIB='ranlib'
SED='/usr/bin/sed'
SET_MAKE=''
SHELL='/bin/sh'
STRIP='strip'
USE_NLS='no'
VERSION='0.9.5'
WITH_MANUAL_FALSE=''
WITH_MANUAL_TRUE=''
XGETTEXT=':'
XGETTEXT_015=':'
XGETTEXT_EXTRA_OPTIONS=''
ac_ct_AR='ar'
ac_ct_CC='gcc'
ac_ct_DUMPBIN=''
am__EXEEXT_FALSE=''
am__EXEEXT_TRUE=''
am__fastdepCC_FALSE='#'
am__fastdepCC_TRUE=''
am__include='include'
am__isrc=''
am__leading_dot='.'
am__nodep='_no'
am__quote=''
am__tar='tar --format=ustar -chf - "$$tardir"'
am__untar='tar -xf -'
bindir='${exec_prefix}/bin'
build='x86_64-apple-darwin12.4.0'
build_alias=''
build_cpu='x86_64'
build_os='darwin12.4.0'
build_vendor='apple'
datadir='${datarootdir}'
datarootdir='${prefix}/share'
docdir='${datarootdir}/doc/${PACKAGE_TARNAME}'
dvidir='${docdir}'
exec_prefix='NONE'
glib_CFLAGS=''
glib_LIBS=''
gobject_CFLAGS=''
gobject_LIBS=''
host='x86_64-apple-darwin12.4.0'
host_alias=''
host_cpu='x86_64'
host_os='darwin12.4.0'
host_vendor='apple'
htmldir='${docdir}'
includedir='${prefix}/include'
infodir='${datarootdir}/info'
install_sh='${SHELL} /Users/jearsh/software/quvi-devel/quvi-0.9.5/config.aux/install-sh'
json_glib_CFLAGS=''
json_glib_LIBS=''
libcurl_CFLAGS=''
libcurl_LIBS=''
libdir='${exec_prefix}/lib'
libexecdir='${exec_prefix}/libexec'
libquvi_CFLAGS=''
libquvi_LIBS=''
libxml_CFLAGS=''
libxml_LIBS=''
localedir='${datarootdir}/locale'
localstatedir='${prefix}/var'
mandir='${datarootdir}/man'
mkdir_p='$(top_builddir)/config.aux/install-sh -c -d'
oldincludedir='/usr/include'
pdfdir='${docdir}'
prefix='NONE'
program_transform_name='s,x,x,'
psdir='${docdir}'
sbindir='${exec_prefix}/sbin'
sharedstatedir='${prefix}/com'
sysconfdir='${prefix}/etc'
target='x86_64-apple-darwin12.4.0'
target_alias=''
target_cpu='x86_64'
target_os='darwin12.4.0'
target_vendor='apple'

## ----------- ##
## confdefs.h. ##
## ----------- ##

/* confdefs.h */
#define PACKAGE_NAME "quvi"
#define PACKAGE_TARNAME "quvi"
#define PACKAGE_VERSION "0.9.5"
#define PACKAGE_STRING "quvi 0.9.5"
#define PACKAGE_BUGREPORT "http://quvi.sf.net/bugs/"
#define PACKAGE_URL "http://quvi.sf.net/"
#define BUILD_OPTS ""
#define STDC_HEADERS 1
#define HAVE_SYS_TYPES_H 1
#define HAVE_SYS_STAT_H 1
#define HAVE_STDLIB_H 1
#define HAVE_STRING_H 1
#define HAVE_MEMORY_H 1
#define HAVE_STRINGS_H 1
#define HAVE_INTTYPES_H 1
#define HAVE_STDINT_H 1
#define HAVE_UNISTD_H 1
#define __EXTENSIONS__ 1
#define _ALL_SOURCE 1
#define _GNU_SOURCE 1
#define _POSIX_PTHREAD_SEMANTICS 1
#define _TANDEM_SOURCE 1
#define CANONICAL_TARGET "x86_64-apple-darwin12.4.0"
#define CANONICAL_HOST "x86_64-apple-darwin12.4.0"
#define PACKAGE "quvi"
#define VERSION "0.9.5"
#define HAVE_DLFCN_H 1
#define LT_OBJDIR ".libs/"
#define HAVE_ICONV 1
#define GETTEXT_PACKAGE PACKAGE
#define CFLAGS "-g -O2"
#define CC "gcc"
#define BUILD_TIME "2013-11-25 19:44:51 -0500"

configure: exit 1
