/Users/jtoyota/.bash_profile -> /Users/jtoyota/dot.jearsh/bash/home/bash_profile
/Users/jtoyota/.bashrc.local -> /Users/jtoyota/dot.jearsh/bash/home/bashrc.local
/Users/jtoyota/.bashrc.paul -> /Users/jtoyota/dot.jearsh/bash/home/bashrc.paul
/Users/jtoyota/.inputrc -> /Users/jtoyota/dot.jearsh/bash/home/inputrc
/Users/jtoyota/.listrc -> /Users/jtoyota/dot.jearsh/list/home/listrc
/Users/jtoyota/.hitch_export_authors -> /Users/jtoyota/dot.jearsh/hitch/hitch_export_authors
/Users/jtoyota/.hitch_pairs -> /Users/jtoyota/dot.jearsh/hitch/hitch_pairs
/Users/jtoyota/.hitchrc -> /Users/jtoyota/dot.jearsh/hitch/hitchrc
/Users/jtoyota/.vimrc -> /Users/jtoyota/dot.jearsh/vim/vimrc
/Users/jtoyota/.vimrc.josh -> /Users/jtoyota/dot.jearsh/vim/vimrc.josh
/Users/jtoyota/.vimrc.local -> /Users/jtoyota/dot.jearsh/vim/vimrc.local
/Users/jtoyota/bin/4chan -> /Users/jtoyota/dot.jearsh/bin/4chan
/Users/jtoyota/bin/backupxsl -> /Users/jtoyota/dot.jearsh/bin/backupxsl
/Users/jtoyota/bin/bash.library -> /Users/jtoyota/dot.jearsh/bin/bash.library
/Users/jtoyota/bin/bcw -> /Users/jtoyota/dot.jearsh/bin/bcw
/Users/jtoyota/bin/bkupBookmarks -> /Users/jtoyota/dot.jearsh/bin/bkupBookmarks
/Users/jtoyota/bin/budget -> /Users/jtoyota/dot.jearsh/bin/budget
/Users/jtoyota/bin/calc -> /Users/jtoyota/dot.jearsh/bin/calc
/Users/jtoyota/bin/chkrg -> /Users/jtoyota/dot.jearsh/bin/chkrg
/Users/jtoyota/bin/Chrome-Vertical-Tabs -> /Users/jtoyota/dot.jearsh/bin/Chrome-Vertical-Tabs
/Users/jtoyota/bin/chsize -> /Users/jtoyota/dot.jearsh/bin/chsize
/Users/jtoyota/bin/clockout -> /Users/jtoyota/dot.jearsh/bin/clockout
/Users/jtoyota/bin/contacts -> /Users/jtoyota/dot.jearsh/bin/contacts
/Users/jtoyota/bin/decode -> /Users/jtoyota/dot.jearsh/bin/decode
/Users/jtoyota/bin/demonoid -> /Users/jtoyota/dot.jearsh/bin/demonoid
/Users/jtoyota/bin/demonoid.php -> /Users/jtoyota/dot.jearsh/bin/demonoid.php
/Users/jtoyota/bin/dict -> /Users/jtoyota/dot.jearsh/bin/dict
/Users/jtoyota/bin/dmilo-videos -> /Users/jtoyota/dot.jearsh/bin/dmilo-videos
/Users/jtoyota/bin/extract-links -> /Users/jtoyota/dot.jearsh/bin/extract-links
/Users/jtoyota/bin/ffmem -> /Users/jtoyota/dot.jearsh/bin/ffmem
/Users/jtoyota/bin/fuck-chris -> /Users/jtoyota/dot.jearsh/bin/fuck-chris
/Users/jtoyota/bin/ichat.auto-away -> /Users/jtoyota/dot.jearsh/bin/ichat.auto-away
/Users/jtoyota/bin/inLibrary -> /Users/jtoyota/dot.jearsh/bin/inLibrary
/Users/jtoyota/bin/is_interactive -> /Users/jtoyota/dot.jearsh/bin/is_interactive
/Users/jtoyota/bin/list -> /Users/jtoyota/dot.jearsh/bin/list
/Users/jtoyota/bin/list.library -> /Users/jtoyota/dot.jearsh/bin/list.library
/Users/jtoyota/bin/locatedir -> /Users/jtoyota/dot.jearsh/bin/locatedir
/Users/jtoyota/bin/mini-backup -> /Users/jtoyota/dot.jearsh/bin/mini-backup
/Users/jtoyota/bin/mini-backup.library -> /Users/jtoyota/dot.jearsh/bin/mini-backup.library
/Users/jtoyota/bin/mini-notify -> /Users/jtoyota/dot.jearsh/bin/mini-notify
/Users/jtoyota/bin/mkbashscript -> /Users/jtoyota/dot.jearsh/bin/mkbashscript
/Users/jtoyota/bin/mkdvd -> /Users/jtoyota/dot.jearsh/bin/mkdvd
/Users/jtoyota/bin/mkempty -> /Users/jtoyota/dot.jearsh/bin/mkempty
/Users/jtoyota/bin/ntmp -> /Users/jtoyota/dot.jearsh/bin/ntmp
/Users/jtoyota/bin/oldlist -> /Users/jtoyota/dot.jearsh/bin/oldlist
/Users/jtoyota/bin/pick-contest -> /Users/jtoyota/dot.jearsh/bin/pick-contest
/Users/jtoyota/bin/remove_content -> /Users/jtoyota/dot.jearsh/bin/remove_content
/Users/jtoyota/bin/rgdump -> /Users/jtoyota/dot.jearsh/bin/rgdump
/Users/jtoyota/bin/rgxmldump -> /Users/jtoyota/dot.jearsh/bin/rgxmldump
/Users/jtoyota/bin/s3cp -> /Users/jtoyota/dot.jearsh/bin/s3cp
/Users/jtoyota/bin/s3env -> /Users/jtoyota/dot.jearsh/bin/s3env
/Users/jtoyota/bin/scratch -> /Users/jtoyota/dot.jearsh/bin/scratch
/Users/jtoyota/bin/sms -> /Users/jtoyota/dot.jearsh/bin/sms
/Users/jtoyota/bin/sortdu -> /Users/jtoyota/dot.jearsh/bin/sortdu
/Users/jtoyota/bin/start_libble_torrents -> /Users/jtoyota/dot.jearsh/bin/start_libble_torrents
/Users/jtoyota/bin/start_libble_torrents.php -> /Users/jtoyota/dot.jearsh/bin/start_libble_torrents.php
/Users/jtoyota/bin/startmysql -> /Users/jtoyota/dot.jearsh/bin/startmysql
/Users/jtoyota/bin/startvnc -> /Users/jtoyota/dot.jearsh/bin/startvnc
/Users/jtoyota/bin/stest -> /Users/jtoyota/dot.jearsh/bin/stest
/Users/jtoyota/bin/torrent -> /Users/jtoyota/dot.jearsh/bin/torrent
/Users/jtoyota/bin/torrent.php -> /Users/jtoyota/dot.jearsh/bin/torrent.php
/Users/jtoyota/bin/undernet -> /Users/jtoyota/dot.jearsh/bin/undernet
/Users/jtoyota/bin/userfeed -> /Users/jtoyota/dot.jearsh/bin/userfeed
/Users/jtoyota/bin/VerticalChrome -> /Users/jtoyota/dot.jearsh/bin/VerticalChrome
/Users/jtoyota/bin/vidfeed -> /Users/jtoyota/dot.jearsh/bin/vidfeed
/Users/jtoyota/bin/watch4updates -> /Users/jtoyota/dot.jearsh/bin/watch4updates
/Users/jtoyota/bin/whatismyip -> /Users/jtoyota/dot.jearsh/bin/whatismyip
/Users/jtoyota/bin/yaws -> /Users/jtoyota/dot.jearsh/bin/yaws
/Users/jtoyota/bin/empties/empty.php -> /Users/jtoyota/dot.jearsh/bin/empties/empty.php
/Users/jtoyota/bin/empties/empty.sh -> /Users/jtoyota/dot.jearsh/bin/empties/empty.sh
/Users/jtoyota/bin/empties/empty.xml -> /Users/jtoyota/dot.jearsh/bin/empties/empty.xml
/Users/jtoyota/bin/empties/empty.xsl -> /Users/jtoyota/dot.jearsh/bin/empties/empty.xsl
/Users/jtoyota/bin/resources/alert.png -> /Users/jtoyota/dot.jearsh/bin/resources/alert.png
/Users/jtoyota/bin/resources/todo-list.icns -> /Users/jtoyota/dot.jearsh/bin/resources/todo-list.icns
/Users/jtoyota/bin/tests/args -> /Users/jtoyota/dot.jearsh/bin/tests/args
/Users/jtoyota/bin/tests/dbtest -> /Users/jtoyota/dot.jearsh/bin/tests/dbtest
/Users/jtoyota/bin/tests/news -> /Users/jtoyota/dot.jearsh/bin/tests/news
/Users/jtoyota/bin/tests/pipe2script -> /Users/jtoyota/dot.jearsh/bin/tests/pipe2script
