	JOSH: PublicContentJoin 146924  4366    1.984   2156    
	JOSH: PublicContentJoin 147386  4366    2.0702  2250    
	JOSH: PublicContentJoin 147392  4366    1.9696  2121    
	JOSH: PublicContentJoin 147548  4366    1.9848  2152    
	JOSH: PublicContentJoin 147680  4366    0       0       
	JOSH: PublicContentJoin 147684  4366    0.4554  544     
	JOSH: PublicContentJoin 147716  4366    0.4892  594     
	JOSH: PublicContentJoin 149926  4366    0.3928  471     
	JOSH: PublicContentJoin 149927  4366    0.4394  532     
	JOSH: PublicContentJoin 149934  4366    1.9106  2052    
	JOSH: PublicContentJoin 149935  4366    2.1858  2334    
	JOSH: PublicContentJoin 149945  4366    2.1214  2301    
	JOSH: PublicContentJoin 149948  4366    1.8334  1956    
	JOSH: PublicContentJoin 149950  4366    2.089   2274    
	JOSH: PublicContentJoin 149954  4366    0.383   464     
	JOSH: PublicContentJoin 149957  4366    1.8954  2000    
	JOSH: PublicContentJoin 149959  4366    2.0338  2161    
	JOSH: PublicContentJoin 149963  4366    2.3268  2546    
	JOSH: PublicContentJoin 149969  4366    2.5106  2672    
	JOSH: PublicContentJoin 149971  4366    2.4754  2609    
	JOSH: PublicContentJoin 149973  4366    2.2184  2398    
	JOSH: PublicContentJoin 149976  4366    2.3884  2534    
	JOSH: PublicContentJoin 149980  4366    2.0858  2241    
	JOSH: PublicContentJoin 149996  4366    0       0       
	JOSH: PublicContentJoin 149998  4366    0.4444  526     
	JOSH: PublicContentJoin 149999  4366    2.328   2522    
	JOSH: PublicContentJoin 150000  4366    2.7836  2961    
	JOSH: PublicContentJoin 150001  4366    3.2894  3498    
	JOSH: PublicContentJoin 150003  4366    2.6928  2891    
	JOSH: PublicContentJoin 150007  4366    2.721   2966    
	JOSH: PublicContentJoin 150013  4366    2.9636  3167    
	JOSH: PublicContentJoin 150018  4366    2.538   2720    
	JOSH: PublicContentJoin 150021  4366    2.5084  2663    
	JOSH: PublicContentJoin 150023  4366    2.128   2320    
	JOSH: PublicContentJoin 150026  4366    2.7062  2893    
	JOSH: PublicContentJoin 150027  4366    2.1824  2360    
	JOSH: PublicContentJoin 150031  4366    3.035   3188    
	JOSH: PublicContentJoin 150033  4366    2.613   2801    
	JOSH: PublicContentJoin 150034  4366    2.4696  2643    
	JOSH: PublicContentJoin 150035  4366    2.6682  2847    
	JOSH: PublicContentJoin 150036  4366    3.388   3593    
	JOSH: PublicContentJoin 150037  4366    3.1554  3373    
	JOSH: PublicContentJoin 150039  4366    3.2624  3514    
	JOSH: PublicContentJoin 150043  4366    3.0316  3253    
	JOSH: PublicContentJoin 150045  4366    2.9532  3151    
	JOSH: PublicContentJoin 150046  4366    2.6554  2826    
	JOSH: PublicContentJoin 150048  4366    2.7874  2992    
	JOSH: PublicContentJoin 150051  4366    3.1812  3376    
	JOSH: PublicContentJoin 150054  4366    3.405   3580    
	JOSH: PublicContentJoin 150055  4366    2.8606  3050    
	JOSH: PublicContentJoin 150056  4366    2.7878  2940    
	JOSH: PublicContentJoin 150057  4366    2.5928  2796    
	JOSH: PublicContentJoin 250013  4366    0       0       
	JOSH: PublicContentJoin 250021  4366    2.793   3015    
	JOSH: PublicContentJoin 250028  4366    2.7748  2957    
	JOSH: PublicContentJoin 250054  4366    0.465   564     
	JOSH: PublicContentJoin 250120  4366    3.5208  3740    
	JOSH: PublicContentJoin 250153  4366    2.928   3149    
	JOSH: PublicContentJoin 250154  4366    3.2394  3517    
	JOSH: PublicContentJoin 250221  4366    3.0132  3237    
	JOSH: PublicContentJoin 250225  4366    3.056   3317    
	JOSH: PublicContentJoin 250265  4366    0.0324  38      
	JOSH: PublicContentJoin 250266  4366    0.8516  924     
	JOSH: PublicContentJoin 250268  4366    0.0522  63      
	JOSH: PublicContentJoin 250270  4366    0.0312  38      
	JOSH: PublicContentJoin 250277  4366    0.0182  21      
	JOSH: PublicContentJoin 250278  4366    0.031   38      
	JOSH: PublicContentJoin 250279  4366    0.7898  859     
	JOSH: PublicContentJoin 250282  4366    0.0316  38      
	JOSH: PublicContentJoin 250296  4366    0.031   38      
	JOSH: PublicContentJoin 250297  4366    0.0262  32      
	JOSH: PublicContentJoin 250298  4366    0.032   38      
	JOSH: PublicContentJoin 250299  4366    0.0226  27      
	JOSH: PublicContentJoin 250300  4366    0.9254  1016    
	JOSH: PublicContentJoin 250301  4366    0.9188  1007    
	JOSH: PublicContentJoin 250302  4366    0.078   97      
	JOSH: PublicContentJoin 250303  4366    0.9518  1061    
	JOSH: PublicContentJoin 250305  4366    0.935   1048    
	JOSH: PublicContentJoin 250307  4366    0.1926  238     
	JOSH: PublicContentJoin 250308  4366    0.2172  269     
	JOSH: PublicContentJoin 250313  4366    0.9774  1080    
	JOSH: PublicContentJoin 250315  4366    1.0118  1124    
	JOSH: PublicContentJoin 250316  4366    0.1814  225     
	JOSH: PublicContentJoin 250318  4366    0.201   248     
	JOSH: PublicContentJoin 250319  4366    1.093   1211    
	JOSH: PublicContentJoin 250320  4366    1.0434  1148    
	JOSH: PublicContentJoin 250321  4366    1.0154  1136    
	JOSH: PublicContentJoin 250322  4366    1.0798  1187    
	JOSH: PublicContentJoin 250323  4366    0.072   82      
	JOSH: PublicContentJoin 250324  4366    1.1426  1250    
	JOSH: PublicContentJoin 250329  4366    0.1918  234     
	JOSH: PublicContentJoin 250331  4366    0.223   272     
	JOSH: PublicContentJoin 250332  4366    0.2142  260     
	JOSH: PublicContentJoin 250334  4366    0.192   237     
	JOSH: PublicContentJoin 250335  4366    0.2094  258     
	JOSH: PublicContentJoin 250337  4366    1.0446  1168    
	JOSH: PublicContentJoin 250340  4366    1.104   1222    
	JOSH: PublicContentJoin 250342  4366    1.0068  1113    
	JOSH: PublicContentJoin 250344  4366    1.116   1233    
	JOSH: PublicContentJoin 250347  4366    0.173   212     
	JOSH: PublicContentJoin 250349  4366    0.9848  1087    
	JOSH: PublicContentJoin 250352  4366    0.1626  201     
	JOSH: PublicContentJoin 250354  4366    1.153   1271    
	JOSH: PublicContentJoin 250356  4366    1.1344  1258    
	JOSH: PublicContentJoin 250357  4366    1.064   1163    
	JOSH: PublicContentJoin 250362  4366    0.1584  196     
	JOSH: PublicContentJoin 250363  4366    1.0946  1190    
	JOSH: PublicContentJoin 250369  4366    1.1392  1247    
	JOSH: PublicContentJoin 250372  4366    0.1114  138     
	JOSH: PublicContentJoin 250376  4366    1.0434  1140    
	JOSH: PublicContentJoin 250381  4366    1.1856  1294    
	JOSH: PublicContentJoin 250383  4366    1.1984  1301    
	JOSH: PublicContentJoin 250390  4366    1.1312  1239    
	JOSH: PublicContentJoin 250391  4366    1.045   1140    
	JOSH: PublicContentJoin 250392  4366    1.375   1492    
	JOSH: PublicContentJoin 250393  4366    1.067   1170    
	JOSH: PublicContentJoin 250398  4366    1.1738  1286    
	JOSH: PublicContentJoin 250405  4366    1.686   1778    
	JOSH: PublicContentJoin 250407  4366    1.5008  1610    
	JOSH: PublicContentJoin 250408  4366    1.629   1752    
	JOSH: PublicContentJoin 250409  4366    1.632   1735    
	JOSH: PublicContentJoin 250411  4366    1.5378  1645    
	JOSH: PublicContentJoin 250412  4366    1.2428  1338    
	JOSH: PublicContentJoin 250413  4366    1.8926  2002    
	JOSH: PublicContentJoin 250416  4366    1.5412  1649    
	JOSH: PublicContentJoin 250418  4366    1.9284  2029    
	JOSH: PublicContentJoin 250421  4366    1.792   1928    
	JOSH: PublicContentJoin 255128  4366    3.4264  3697    
	JOSH: PublicContentJoin 255141  4366    0       0       
	JOSH: PublicContentJoin 255158  4366    3.2686  3530    
	JOSH: PublicContentJoin 262773  4366    3.6024  3808    
	JOSH: PublicContentJoin 262912  4366    2.7812  2991    
	JOSH: PublicContentJoin 262915  4366    2.7216  2902    
	JOSH: PublicContentJoin 262917  4366    3.4356  3658    
	JOSH: PublicContentJoin 262920  4366    3.1264  3306    
	JOSH: PublicContentJoin 262924  4366    3.2136  3429    
	JOSH: PublicContentJoin 263005  4366    3.579   3759    
	JOSH: PublicContentJoin 263006  4366    3.8314  4051    
	JOSH: PublicContentJoin 263007  4366    3.388   3671    
	JOSH: PublicContentJoin 268188  4366    3.2326  3467    
	JOSH: PublicContentJoin 280535  4366    3.4382  3718    
	JOSH: PublicContentJoin 280537  4366    3.4426  3686    
	JOSH: PublicContentJoin 280538  4366    3.1584  3408    
	JOSH: PublicContentJoin 280539  4366    0       0       
	JOSH: PublicContentJoin 280540  4366    3.5296  3853    
	JOSH: PublicContentJoin 280553  4366    3.3886  3668    
	JOSH: PublicContentJoin 280556  4366    3.4046  3673    
	JOSH: PublicContentJoin 280559  4366    3.1384  3376    
	JOSH: PublicContentJoin 280579  4366    3.1028  3335    
	JOSH: PublicContentJoin 282034  4366    1.9792  2095    
	JOSH: PublicContentJoin 289682  4366    2.7286  2869    
	JOSH: PublicContentJoin 289709  4366    2.841   2961    
	JOSH: PublicContentJoin 289740  4366    3.0512  3206    
	JOSH: PublicContentJoin 289765  4366    2.8364  2992    
	JOSH: PublicContentJoin 289798  4366    2.855   2969    
	JOSH: PublicContentJoin 289879  4366    2.886   3006    
	JOSH: PublicContentJoin 289895  4366    1.9046  2004    
	JOSH: PublicContentJoin 289993  4366    3.7676  3869    
	JOSH: PublicContentJoin 296389  4366    4.3122  4496    
	JOSH: PublicContentJoin 296402  4366    2.8936  2996    
	JOSH: PublicContentJoin 304653  4366    3.2246  3384    
	JOSH: PublicContentJoin 304658  4366    2.977   3090    
	JOSH: PublicContentJoin 304665  4366    3.3084  3495    
	JOSH: PublicContentJoin 309196  4366    3.024   3219    
	JOSH: PublicContentJoin 309200  4366    3.0902  3290    
	JOSH: PublicContentJoin 309208  4366    3.2926  3562    
	JOSH: PublicContentJoin 311527  4366    2.9856  3229    
	JOSH: PublicContentJoin 318920  4366    2.9506  3067    
	JOSH: PublicContentJoin 318921  4366    3.3308  3508    
	JOSH: PublicContentJoin 325487  4366    0.4298  517     
	JOSH: PublicContentJoin 325492  4366    3.2178  3473    
	JOSH: PublicContentJoin 325543  4366    3.01    3157    
	JOSH: PublicContentJoin 325548  4366    3.7668  3955    
	JOSH: PublicContentJoin 325573  4366    3.5338  3651    
	JOSH: PublicContentJoin 337380  4366    2.5802  2685    
	JOSH: PublicContentJoin 337383  4366    2.7406  2896    
	JOSH: PublicContentJoin 337387  4366    2.7228  2872    
	JOSH: PublicContentJoin 337390  4366    3.5862  3728    
	JOSH: PublicContentJoin 337393  4366    0.357   432     
	JOSH: PublicContentJoin 337394  4366    2.8972  3068    
	JOSH: PublicContentJoin 337397  4366    2.7904  2951    
	JOSH: PublicContentJoin 337398  4366    2.745   2916    
	JOSH: PublicContentJoin 337399  4366    2.7744  2918    
	JOSH: PublicContentJoin 337403  4366    2.8662  3029    
	JOSH: PublicContentJoin 337404  4366    0.4018  486     
	JOSH: PublicContentJoin 337405  4366    3.5976  3762    
	JOSH: PublicContentJoin 337407  4366    0.2434  297     
	JOSH: PublicContentJoin 337409  4366    2.8276  2990    
	JOSH: PublicContentJoin 337410  4366    2.7724  2936    
	JOSH: PublicContentJoin 337412  4366    3.7414  3932    
	JOSH: PublicContentJoin 337413  4366    3.4952  3683    
	JOSH: PublicContentJoin 337414  4366    2.5016  2629    
	JOSH: PublicContentJoin 337415  4366    2.9402  3150    
	JOSH: PublicContentJoin 337416  4366    2.8118  2959    
	JOSH: PublicContentJoin 337419  4366    2.957   3118    
	JOSH: PublicContentJoin 337420  4366    2.76    2949    
	JOSH: PublicContentJoin 337421  4366    2.4998  2660    
	JOSH: PublicContentJoin 337423  4366    2.5526  2712    
	JOSH: PublicContentJoin 337424  4366    2.4922  2640    
	JOSH: PublicContentJoin 337425  4366    2.3406  2474    
	JOSH: PublicContentJoin 337426  4366    0.386   467     
	JOSH: PublicContentJoin 337440  4366    0       0       
	JOSH: PublicContentJoin 337751  4366    2.3694  2540    
	JOSH: PublicContentJoin 337754  4366    2.4342  2592    
	JOSH: PublicContentJoin 337757  4366    2.4722  2620    
	JOSH: PublicContentJoin 337762  4366    2.3548  2505    
	JOSH: PublicContentJoin 337763  4366    3.2818  3508    
	JOSH: PublicContentJoin 337765  4366    0.2844  336     
	JOSH: PublicContentJoin 337766  4366    3.6398  3805    
	JOSH: PublicContentJoin 337769  4366    0.4038  491     
	JOSH: PublicContentJoin 337770  4366    3.693   3860    
	JOSH: PublicContentJoin 337771  4366    3.3868  3595    
	JOSH: PublicContentJoin 337772  4366    3.119   3296    
	JOSH: PublicContentJoin 337773  4366    3.1432  3330    
	JOSH: PublicContentJoin 337775  4366    2.6574  2844    
	JOSH: PublicContentJoin 337777  4366    3.1242  3306    
	JOSH: PublicContentJoin 337779  4366    0.3664  443     
	JOSH: PublicContentJoin 337780  4366    3.9624  4124    
	JOSH: PublicContentJoin 337781  4366    3.8152  3990    
	JOSH: PublicContentJoin 337783  4366    3.2802  3469    
	JOSH: PublicContentJoin 337786  4366    3.8674  4062    
	JOSH: PublicContentJoin 337787  4366    3.2842  3461    
	JOSH: PublicContentJoin 337788  4366    3.0032  3175    
	JOSH: PublicContentJoin 337790  4366    3.263   3458    
	JOSH: PublicContentJoin 337793  4366    3.0242  3219    
	JOSH: PublicContentJoin 338920  4366    2.9272  3111    
	JOSH: PublicContentJoin 338923  4366    2.9192  3108    
	JOSH: PublicContentJoin 338926  4366    3.3336  3536    
	JOSH: PublicContentJoin 338930  4366    3.7554  3969    
	JOSH: PublicContentJoin 338936  4366    2.8224  3016    
	JOSH: PublicContentJoin 338937  4366    1.9816  2140    
	JOSH: PublicContentJoin 338938  4366    2.8868  3060    
	JOSH: PublicContentJoin 338964  4366    2.8482  3014    
	JOSH: PublicContentJoin 339294  4366    3.1812  3409    
	JOSH: PublicContentJoin 339299  4366    3.0848  3293    
	JOSH: PublicContentJoin 339301  4366    3.0258  3219    
	JOSH: PublicContentJoin 339303  4366    3.609   3772    
	JOSH: PublicContentJoin 339304  4366    3.6324  3783    
	JOSH: PublicContentJoin 339307  4366    3.0964  3291    
	JOSH: PublicContentJoin 339309  4366    0.3136  389     
	JOSH: PublicContentJoin 339311  4366    0.2804  342     
	JOSH: PublicContentJoin 339315  4366    2.9234  3103    
	JOSH: PublicContentJoin 339331  4366    2.8232  2998    
	JOSH: PublicContentJoin 339336  4366    2.9824  3186    
	JOSH: PublicContentJoin 339342  4366    3.1426  3347    
	JOSH: PublicContentJoin 339345  4366    3.0274  3211    
	JOSH: PublicContentJoin 339382  4366    3.6126  3835    
	JOSH: PublicContentJoin 339497  4366    2.6014  2781    
	JOSH: PublicContentJoin 339630  4366    2.6378  2854    
	JOSH: PublicContentJoin 339634  4366    2.9974  3180    
	JOSH: PublicContentJoin 339637  4366    3.0802  3280    
	JOSH: PublicContentJoin 339639  4366    0.385   474     
	JOSH: PublicContentJoin 339641  4366    3.3386  3572    
	JOSH: PublicContentJoin 339648  4366    2.9504  3170    
	JOSH: PublicContentJoin 339652  4366    3.1754  3392    
	JOSH: PublicContentJoin 339654  4366    2.8116  3014    
	JOSH: PublicContentJoin 339655  4366    2.817   3006    
	JOSH: PublicContentJoin 392260  4366    3.2292  3507    
	JOSH: PublicContentJoin 392261  4366    3.1902  3443    
	JOSH: PublicContentJoin 392262  4366    2.8248  2999    
	JOSH: PublicContentJoin 392263  4366    3.4252  3694    
	JOSH: PublicContentJoin 392264  4366    3.148   3385    
	JOSH: PublicContentJoin 392265  4366    3.5024  3801    
	JOSH: PublicContentJoin 392266  4366    3.1024  3359    
	JOSH: PublicContentJoin 392267  4366    4.049   4280    
	JOSH: PublicContentJoin 392268  4366    3.0844  3339    
	JOSH: PublicContentJoin 392269  4366    3.0716  3310    
	JOSH: PublicContentJoin 392271  4366    3.1996  3461    
	JOSH: PublicContentJoin 392272  4366    3.1406  3411    
	JOSH: PublicContentJoin 392273  4366    3.079   3323    
	JOSH: PublicContentJoin 392276  4366    0       0       
	JOSH: PublicContentJoin 392277  4366    0       0       
	JOSH: PublicContentJoin 392302  4366    3.6854  3910    
	JOSH: PublicContentJoin 392303  4366    2.615   2822    
	JOSH: PublicContentJoin 392305  4366    3.45    3604    
	JOSH: PublicContentJoin 392306  4366    2.6166  2788    
	JOSH: PublicContentJoin 392308  4366    0.598   732     
	JOSH: PublicContentJoin 392312  4366    3.2984  3526    
	JOSH: PublicContentJoin 392313  4366    3.4284  3647    
	JOSH: PublicContentJoin 392314  4366    3.1512  3361    
	JOSH: PublicContentJoin 392633  4366    2.894   3067    
	JOSH: PublicContentJoin 392647  4366    4.3828  4681    
	JOSH: PublicContentJoin 392654  4366    4.3268  4608    
	JOSH: PublicContentJoin 394326  4366    3.5536  3842    
	JOSH: PublicContentJoin 394329  4366    4.51    4807    
	JOSH: PublicContentJoin 394421  4366    3.7272  4027    
	JOSH: PublicContentJoin 406004  4366    3.146   3377    
	JOSH: PublicContentJoin 406005  4366    2.9746  3170    
	JOSH: PublicContentJoin 408394  4366    3.0846  3308    
	JOSH: PublicContentJoin 408395  4366    3.3556  3602    
	JOSH: PublicContentJoin 408396  4366    4.034   4279    
	JOSH: PublicContentJoin 408398  4366    3.3936  3658    
	JOSH: PublicContentJoin 410677  4366    0.2368  292     
	JOSH: PublicContentJoin 412591  4366    0.2618  324     
	JOSH: PublicContentJoin 440022  4366    3.5358  3794    
	JOSH: PublicContentJoin 440521  4366    4.9308  5267    
	JOSH: PublicContentJoin 448314  4366    2.4216  2648    
	JOSH: PublicContentJoin 448522  4366    3.2864  3589    
	JOSH: PublicContentJoin 448523  4366    3.6232  3908    
	JOSH: PublicContentJoin 448530  4366    3.6284  3915    
	JOSH: PublicContentJoin 448535  4366    3.7562  4066    
	JOSH: PublicContentJoin 448898  4366    3.3438  3674    
	JOSH: PublicContentJoin 448914  4366    2.3128  2596    
	JOSH: PublicContentJoin 448949  4366    3.747   4054    
	JOSH: PublicContentJoin 449066  4366    3.9506  4264    
	JOSH: PublicContentJoin 450427  4366    3.392   3655    
	JOSH: PublicContentJoin 450915  4366    3.4796  3758    
	JOSH: PublicContentJoin 450930  4366    3.5106  3782    
	JOSH: PublicContentJoin 451170  4366    3.412   3684    
	JOSH: PublicContentJoin 453632  4366    3.3962  3657    
	JOSH: PublicContentJoin 453687  4366    3.633   3935    
	JOSH: PublicContentJoin 455646  4366    3.1974  3378    
	JOSH: PublicContentJoin 455649  4366    3.0716  3380    
	JOSH: PublicContentJoin 463689  4366    3.476   3749    
	JOSH: PublicContentJoin 464929  4366    3.0104  3336    
	JOSH: PublicContentJoin 464965  4366    3.8076  4140    
	JOSH: PublicContentJoin 466112  4366    4.065   4422    
	JOSH: PublicContentJoin 466796  4366    3.1442  3402    
	JOSH: PublicContentJoin 466797  4366    3.3222  3620    
	JOSH: PublicContentJoin 467269  4366    3.6562  3970    
	JOSH: PublicContentJoin 467283  4366    3.7934  4121    
	JOSH: PublicContentJoin 467304  4366    4.0772  4451    
	JOSH: PublicContentJoin 467527  4366    3.6726  3970    
	JOSH: PublicContentJoin 467533  4366    3.901   4222    
	JOSH: PublicContentJoin 467847  4366    3.238   3547    
	JOSH: PublicContentJoin 469249  4366    3.6534  3973    
	JOSH: PublicContentJoin 469252  4366    3.6412  3950    
	JOSH: PublicContentJoin 469255  4366    3.3672  3658    
	JOSH: PublicContentJoin 471390  4366    3.9374  4180    
	JOSH: PublicContentJoin 471417  4366    5.9788  6315    
	JOSH: PublicContentJoin 475739  4366    2.285   2512    
	JOSH: PublicContentJoin 475765  4366    2.4204  2697    
	JOSH: PublicContentJoin 475788  4366    0.8368  1032    
	JOSH: PublicContentJoin 476074  4366    2.1166  2366    
	JOSH: PublicContentJoin 476083  4366    2.3118  2586    
	JOSH: PublicContentJoin 476121  4366    2.395   2675    
	JOSH: PublicContentJoin 476155  4366    2.2836  2575    
	JOSH: PublicContentJoin 476485  4366    2.5304  2745    
	JOSH: PublicContentJoin 476972  4366    3.3564  3706    
	JOSH: PublicContentJoin 477861  4366    2.1828  2424    
	JOSH: PublicContentJoin 479401  4366    2.3018  2547    
	JOSH: PublicContentJoin 479422  4366    2.1458  2399    
	JOSH: PublicContentJoin 480832  4366    2.4396  2744    
	JOSH: PublicContentJoin 480904  4366    0.6956  855     
	JOSH: PublicContentJoin 480907  4366    0.757   926     
	JOSH: PublicContentJoin 480909  4366    2.2138  2456    
	JOSH: PublicContentJoin 480910  4366    2.0876  2311    
	JOSH: PublicContentJoin 480911  4366    1.9918  2188    
	JOSH: PublicContentJoin 480913  4366    1.929   2126    
	JOSH: PublicContentJoin 480920  4366    0.4222  521     
	JOSH: PublicContentJoin 480921  4366    1.9232  2124    
	JOSH: PublicContentJoin 480932  4366    1.9496  2147    
	JOSH: PublicContentJoin 480934  4366    2.1906  2442    
	JOSH: PublicContentJoin 480937  4366    2.493   2700    
	JOSH: PublicContentJoin 481700  4366    2.144   2368    
	JOSH: PublicContentJoin 483040  4366    1.9716  2195    
	JOSH: PublicContentJoin 485756  4366    2.2562  2457    
	JOSH: PublicContentJoin 485771  4366    2.1158  2335    
	JOSH: PublicContentJoin 485789  4366    2.0742  2304    
	JOSH: PublicContentJoin 485798  4366    2.2012  2448    
	JOSH: PublicContentJoin 485811  4366    1.9464  2160    
	JOSH: PublicContentJoin 485822  4366    2.104   2331    
	JOSH: PublicContentJoin 485902  4366    1.9362  2149    
	JOSH: PublicContentJoin 485912  4366    2.0724  2309    
	JOSH: PublicContentJoin 485936  4366    2.8856  3149    
	JOSH: PublicContentJoin 487668  4366    2.156   2373    
	JOSH: PublicContentJoin 487680  4366    1.943   2127    
	JOSH: PublicContentJoin 487687  4366    2.0824  2325    
	JOSH: PublicContentJoin 487893  4366    1.873   2067    
	JOSH: PublicContentJoin 488503  4366    1.943   2163    
	JOSH: PublicContentJoin 489565  4366    1.5696  1672    
	JOSH: PublicContentJoin 489613  4366    1.6858  1791    
	JOSH: PublicContentJoin 489674  4366    1.7232  1835    
	JOSH: PublicContentJoin 503694  4366    2.5706  2813    
	JOSH: PublicContentJoin 512257  4366    4.0176  4321    
	JOSH: PublicContentJoin 512646  4366    2.9248  3249    
	JOSH: PublicContentJoin 515603  4366    2.869   3177    
	JOSH: PublicContentJoin 516678  4366    2.443   2676    
	JOSH: PublicContentJoin 516694  4366    2.5332  2776    
	JOSH: PublicContentJoin 516696  4366    2.4944  2727    
	JOSH: PublicContentJoin 516698  4366    2.703   2973    
	JOSH: PublicContentJoin 516752  4366    0.644   790     
	JOSH: PublicContentJoin 516781  4366    0.678   834     
	JOSH: PublicContentJoin 516792  4366    2.5648  2868    
	JOSH: PublicContentJoin 516939  4366    2.7948  3044    
	JOSH: PublicContentJoin 516953  4366    3.3938  3657    
	JOSH: PublicContentJoin 516960  4366    2.7472  3011    
	JOSH: PublicContentJoin 517106  4366    2.7104  2955    
	JOSH: PublicContentJoin 517150  4366    2.6458  2909    
	JOSH: PublicContentJoin 521087  4366    2.6424  2889    
	JOSH: PublicContentJoin 521105  4366    2.4528  2696    
	JOSH: PublicContentJoin 521217  4366    2.7388  2992    
	JOSH: PublicContentJoin 521796  4366    2.3754  2600    
	JOSH: PublicContentJoin 521839  4366    2.5378  2784    
	JOSH: PublicContentJoin 521840  4366    0.7404  909     
	JOSH: PublicContentJoin 521913  4366    2.4896  2739    
	JOSH: PublicContentJoin 521953  4366    2.5248  2768    
	JOSH: PublicContentJoin 521962  4366    2.4902  2737    
	JOSH: PublicContentJoin 521969  4366    2.2536  2442    
	JOSH: PublicContentJoin 522416  4366    3.1308  3386    
	JOSH: PublicContentJoin 522419  4366    3.053   3292    
	JOSH: PublicContentJoin 522555  4366    2.7434  2935    
	JOSH: PublicContentJoin 522564  4366    2.7804  3054    
	JOSH: PublicContentJoin 523656  4366    2.463   2705    
	JOSH: PublicContentJoin 523760  4366    2.4874  2734    
	JOSH: PublicContentJoin 523776  4366    2.5498  2800    
	JOSH: PublicContentJoin 523970  4366    3.027   3289    
	JOSH: PublicContentJoin 523983  4366    3.166   3419    
	JOSH: PublicContentJoin 524836  4366    3.1412  3395    
	JOSH: PublicContentJoin 524839  4366    2.9992  3245    
	JOSH: PublicContentJoin 524846  4366    2.8768  3063    
	JOSH: PublicContentJoin 525180  4366    3.2802  3547    
	JOSH: PublicContentJoin 525584  4366    2.7148  2951    
	JOSH: PublicContentJoin 525601  4366    2.9892  3254    
	JOSH: PublicContentJoin 525650  4366    3.2074  3480    
	JOSH: PublicContentJoin 526688  4366    1.8744  2092    
	JOSH: PublicContentJoin 528015  4366    2.8648  3111    
	JOSH: PublicContentJoin 528022  4366    2.3074  2540    
	JOSH: PublicContentJoin 528207  4366    2.8146  3062    
	JOSH: PublicContentJoin 528995  4366    2.3432  2587    
	JOSH: PublicContentJoin 529320  4366    2.9068  3147    
	JOSH: PublicContentJoin 530464  4366    2.2156  2451    
	JOSH: PublicContentJoin 531250  4366    2.8776  3102    
	JOSH: PublicContentJoin 531663  4366    3.146   3451    
	JOSH: PublicContentJoin 531735  4366    2.7302  2978    
	JOSH: PublicContentJoin 531829  4366    3.2618  3505    
	JOSH: PublicContentJoin 532307  4366    0.698   853     
	JOSH: PublicContentJoin 532937  4366    0.6334  776     
	JOSH: PublicContentJoin 532971  4366    3.0842  3320    
	JOSH: PublicContentJoin 532973  4366    0.2552  311     
	JOSH: PublicContentJoin 533028  4366    0.5702  695     
	JOSH: PublicContentJoin 533085  4366    3.3164  3555    
	JOSH: PublicContentJoin 533090  4366    2.092   2270    
	JOSH: PublicContentJoin 533219  4366    2.7682  2991    
	JOSH: PublicContentJoin 533400  4366    2.4014  2635    
	JOSH: PublicContentJoin 533401  4366    2.627   2838    
	JOSH: PublicContentJoin 533478  4366    2.7604  2971    
	JOSH: PublicContentJoin 533541  4366    2.5506  2817    
	JOSH: PublicContentJoin 534535  4366    3.0682  3313    
	JOSH: PublicContentJoin 534610  4366    2.3966  2649    
	JOSH: PublicContentJoin 543229  4366    2.8806  3116    
	JOSH: PublicContentJoin 543254  4366    2.1836  2401    
	JOSH: PublicContentJoin 545126  4366    2.8252  3050    
	JOSH: PublicContentJoin 546821  4366    2.5974  2791    
	JOSH: PublicContentJoin 546823  4366    2.6306  2826    
	JOSH: PublicContentJoin 546829  4366    2.6934  2900    
	JOSH: PublicContentJoin 546890  4366    2.802   3027    
	JOSH: PublicContentJoin 546922  4366    2.6988  2913    
	JOSH: PublicContentJoin 546947  4366    2.6462  2803    
	JOSH: PublicContentJoin 546953  4366    2.72    2888    
	JOSH: PublicContentJoin 546998  4366    2.1304  2358    
	JOSH: PublicContentJoin 547465  4366    3.6026  3904    
	JOSH: PublicContentJoin 548163  4366    2.5374  2709    
	JOSH: PublicContentJoin 548248  4366    2.8052  3043    
	JOSH: PublicContentJoin 548276  4366    2.9186  3149    
	JOSH: PublicContentJoin 548288  4366    3.0792  3334    
	JOSH: PublicContentJoin 548315  4366    6.1006  6371    
	JOSH: PublicContentJoin 548319  4366    3.474   3723    
	JOSH: PublicContentJoin 548833  4366    2.2702  2488    
	JOSH: PublicContentJoin 548864  4366    1.7084  1902    
	JOSH: PublicContentJoin 549022  4366    2.3562  2585    
	JOSH: PublicContentJoin 550180  4366    0.4988  611     
	JOSH: PublicContentJoin 551287  4366    1.9662  2129    
	JOSH: PublicContentJoin 557619  4366    1.9876  2174    
	JOSH: PublicContentJoin 557638  4366    2.467   2669    
	JOSH: PublicContentJoin 557720  4366    0.553   682     
	JOSH: PublicContentJoin 557994  4366    0.5844  712     
	JOSH: PublicContentJoin 558636  4366    0.5366  657     
	JOSH: PublicContentJoin 559225  4366    3.4368  3657    
	JOSH: PublicContentJoin 559236  4366    2.7448  2924    
	JOSH: PublicContentJoin 559259  4366    0.493   603     
	JOSH: PublicContentJoin 559296  4366    0.4966  613     
	JOSH: PublicContentJoin 559322  4366    0.5082  624     
	JOSH: PublicContentJoin 559351  4366    2.2474  2453    
	JOSH: PublicContentJoin 572248  4366    1.907   2069    
	JOSH: PublicContentJoin 572665  4366    1.554   1742    
	JOSH: PublicContentJoin 574133  4366    2.1386  2320    
	JOSH: PublicContentJoin 574813  4366    3.6074  3850    
	JOSH: PublicContentJoin 575537  4366    1.9926  2153    
	JOSH: PublicContentJoin 575539  4366    2.103   2283    
	JOSH: PublicContentJoin 575576  4366    2.12    2281    
	JOSH: PublicContentJoin 576321  4366    2.461   2627    
	JOSH: PublicContentJoin 577963  4366    2.031   2190    
	JOSH: PublicContentJoin 578301  4366    2.0652  2247    
	JOSH: PublicContentJoin 580503  4366    3.2472  3433    
	JOSH: PublicContentJoin 597856  4366    2.033   2157    
	JOSH: PublicContentJoin 598162  4366    1.9134  2059    
	JOSH: PublicContentJoin 598429  4366    1.886   2017    
	JOSH: PublicContentJoin 599091  4366    1.8332  1947    
	JOSH: PublicContentJoin 599104  4366    1.9176  2041    
	JOSH: PublicContentJoin 599177  4366    2.125   2283    
	JOSH: PublicContentJoin 599207  4366    1.7498  1869    
	JOSH: PublicContentJoin 599335  4366    2.005   2147    
	JOSH: PublicContentJoin 599579  4366    2.4792  2641    
	JOSH: PublicContentJoin 600331  4366    0.4028  470     
	JOSH: PublicContentJoin 600470  4366    0.4282  526     
	JOSH: PublicContentJoin 601318  4366    3.7092  3880    
	JOSH: PublicContentJoin 601407  4366    3.165   3322    
	JOSH: PublicContentJoin 611432  4366    3.6386  3807    
	JOSH: PublicContentJoin 611458  4366    3.6208  3786    
	JOSH: PublicContentJoin 611471  4366    3.5498  3706    
	JOSH: PublicContentJoin 612704  4366    3.5012  3655    
	JOSH: PublicContentJoin 616371  4366    1.6502  1747    
	JOSH: PublicContentJoin 619187  4366    2.9872  3143    
	JOSH: PublicContentJoin 619207  4366    2.9094  2993    
	JOSH: PublicContentJoin 619216  4366    4.7774  4933    
	JOSH: PublicContentJoin 634134  4366    3.9612  4127    
	JOSH: PublicContentJoin 634876  4366    1.8736  1979    
	JOSH: PublicContentJoin 635843  4366    1.9392  2073    
	JOSH: PublicContentJoin 636105  4366    2.7788  2946    
	JOSH: PublicContentJoin 642930  4366    3.7596  3917    
	JOSH: PublicContentJoin 642947  4366    6.0556  6294    
	JOSH: PublicContentJoin 642952  4366    6.0802  6313    
	JOSH: PublicContentJoin 643016  4366    2.2152  2319    
	JOSH: PublicContentJoin 643027  4366    3.532   3679    
	JOSH: PublicContentJoin 643039  4366    3.7932  3931    
	JOSH: PublicContentJoin 643123  4366    1.9106  2018    
	JOSH: PublicContentJoin 643758  4366    0.9868  1105    
	JOSH: PublicContentJoin 649046  4366    1.097   1209    
	JOSH: PublicContentJoin 649398  4366    2.3996  2441    
	JOSH: PublicContentJoin 670740  4366    3.643   3682    
	JOSH: PublicContentJoin 671032  4366    2.9774  3014    
	JOSH: PublicContentJoin 692317  4366    2.8654  2888    
	JOSH: PublicContentJoin 694042  4366    3.77    3910    
	JOSH: PublicContentJoin 712516  4366    2.9106  2989    
	JOSH: PublicContentJoin 715458  4366    2.7818  2858    
	JOSH: PublicContentJoin 724343  4366    3.9258  4056    
	JOSH: PublicContentJoin 724352  4366    2.3374  2370    
	JOSH: PublicContentJoin 726644  4366    2.013   2096    
	JOSH: PublicContentJoin 726656  4366    1.539   1618    
	JOSH: PublicContentJoin 726658  4366    1.5684  1639    
	JOSH: PublicContentJoin 726662  4366    1.7444  1840    
	JOSH: PublicContentJoin 727316  4366    1.5592  1633    
	JOSH: PublicContentJoin 729285  4366    1.841   1918    
	JOSH: PublicContentJoin 733993  4366    0.327   331     
	JOSH: PublicContentJoin 752093  4366    1.2956  1308    
	JOSH: PublicContentJoin 752099  4366    0.008   8       
	JOSH: PublicContentJoin 752175  4366    1.341   1351    
	JOSH: PublicContentJoin 752197  4366    0.9938  1072    
	JOSH: PublicContentJoin 752203  4366    0.8746  935     
	JOSH: PublicContentJoin 752211  4366    1.3034  1425    
	JOSH: PublicContentJoin 758827  4366    1.3664  1460    
	JOSH: PublicContentJoin 762667  4366    1.1524  1251    
	JOSH: PublicContentJoin 763301  4366    0.8532  917     
	JOSH: PublicContentJoin 772883  4366    0.8234  909     
	JOSH: PublicContentJoin 773807  4366    0.7238  803     
	JOSH: PublicContentJoin 776099  4366    0.7838  869     
	JOSH: PublicContentJoin 777265  4366    0.7894  872     
	JOSH: PublicContentJoin 785315  4366    0.0846  92      
	JOSH: PublicContentArchive 147075  4366    0.0024  3       
	JOSH: PublicContentArchive 150022  4366    0.0032  4       
	JOSH: PublicContentArchive 150024  4366    0.0024  3       
	JOSH: PublicContentArchive 150025  4366    0.0008  1       
	JOSH: PublicContentArchive 150028  4366                    
	JOSH: PublicContentArchive 250031  4366    0.0048  6       
	JOSH: PublicContentArchive 250261  4366    0.0008  1       
	JOSH: PublicContentArchive 250262  4366    0.0016  2       
	JOSH: PublicContentArchive 250263  4366    0.004   5       
	JOSH: PublicContentArchive 250264  4366    0.024   30      
	JOSH: PublicContentArchive 250267  4366    0.0112  14      
	JOSH: PublicContentArchive 250269  4366    0.0128  16      
	JOSH: PublicContentArchive 250271  4366    0.028   35      
	JOSH: PublicContentArchive 250272  4366    0.0184  23      
	JOSH: PublicContentArchive 250273  4366    0.0112  14      
	JOSH: PublicContentArchive 250274  4366    0.0184  23      
	JOSH: PublicContentArchive 250275  4366    0.016   20      
	JOSH: PublicContentArchive 250276  4366    0.0216  27      
	JOSH: PublicContentArchive 250280  4366    0.0128  16      
	JOSH: PublicContentArchive 250281  4366    0.0096  12      
	JOSH: PublicContentArchive 250283  4366    0.0176  22      
	JOSH: PublicContentArchive 250284  4366    0.0392  49      
	JOSH: PublicContentArchive 250285  4366    0.0008  1       
	JOSH: PublicContentArchive 250286  4366    0.1008  126     
	JOSH: PublicContentArchive 250287  4366    0.0008  1       
	JOSH: PublicContentArchive 250288  4366    0.0008  1       
	JOSH: PublicContentArchive 250289  4366    0.0296  37      
	JOSH: PublicContentArchive 250290  4366    0.0232  29      
	JOSH: PublicContentArchive 250291  4366    0.0016  2       
	JOSH: PublicContentArchive 250292  4366    0.0408  51      
	JOSH: PublicContentArchive 250293  4366    0.0152  19      
	JOSH: PublicContentArchive 250294  4366    0.0144  18      
	JOSH: PublicContentArchive 250295  4366    0.064   80      
	JOSH: PublicContentArchive 250306  4366    0.0144  18      
	JOSH: PublicContentArchive 250309  4366    0.0008  1       
	JOSH: PublicContentArchive 250310  4366    0.0008  1       
	JOSH: PublicContentArchive 250311  4366    0.0008  1       
	JOSH: PublicContentArchive 250312  4366    0.0008  1       
	JOSH: PublicContentArchive 250314  4366    0.0144  18      
	JOSH: PublicContentArchive 250317  4366    0.0408  51      
	JOSH: PublicContentArchive 250325  4366    0.0536  67      
	JOSH: PublicContentArchive 250326  4366    0.0064  8       
	JOSH: PublicContentArchive 250327  4366    0.0056  7       
	JOSH: PublicContentArchive 250328  4366    0.0008  1       
	JOSH: PublicContentArchive 250330  4366    0.0296  37      
	JOSH: PublicContentArchive 250333  4366    0.1008  126     
	JOSH: PublicContentArchive 250336  4366    0.008   10      
	JOSH: PublicContentArchive 250339  4366    0.0064  8       
	JOSH: PublicContentArchive 250341  4366    0.004   5       
	JOSH: PublicContentArchive 250343  4366    0.0232  29      
	JOSH: PublicContentArchive 250345  4366    0.0008  1       
	JOSH: PublicContentArchive 250346  4366    0.0016  2       
	JOSH: PublicContentArchive 250348  4366    0.0128  16      
	JOSH: PublicContentArchive 250350  4366    0.0208  26      
	JOSH: PublicContentArchive 250351  4366    0.0872  109     
	JOSH: PublicContentArchive 250353  4366    0.0176  22      
	JOSH: PublicContentArchive 250355  4366    0.0104  13      
	JOSH: PublicContentArchive 250358  4366    0.0696  87      
	JOSH: PublicContentArchive 250359  4366    0.0232  29      
	JOSH: PublicContentArchive 250360  4366    0.0256  32      
	JOSH: PublicContentArchive 250364  4366    0.0376  47      
	JOSH: PublicContentArchive 250366  4366    0.024   30      
	JOSH: PublicContentArchive 250367  4366    0.0232  29      
	JOSH: PublicContentArchive 250368  4366    0.0336  42      
	JOSH: PublicContentArchive 250370  4366    0.0488  61      
	JOSH: PublicContentArchive 250371  4366    0.0152  19      
	JOSH: PublicContentArchive 250373  4366    0.1304  163     
	JOSH: PublicContentArchive 250374  4366    0.148   185     
	JOSH: PublicContentArchive 250375  4366    0.0192  24      
	JOSH: PublicContentArchive 250377  4366    0.0152  19      
	JOSH: PublicContentArchive 250378  4366    0.0096  12      
	JOSH: PublicContentArchive 250379  4366    0.0168  21      
	JOSH: PublicContentArchive 250380  4366    0.0512  64      
	JOSH: PublicContentArchive 250382  4366    0.0176  22      
	JOSH: PublicContentArchive 250384  4366    0.0592  74      
	JOSH: PublicContentArchive 250385  4366    0.0064  8       
	JOSH: PublicContentArchive 250386  4366    0.0016  2       
	JOSH: PublicContentArchive 250387  4366    0.0032  4       
	JOSH: PublicContentArchive 250388  4366    0.0216  27      
	JOSH: PublicContentArchive 250389  4366    0.0272  34      
	JOSH: PublicContentArchive 250394  4366    0.0184  23      
	JOSH: PublicContentArchive 250395  4366    0.0264  33      
	JOSH: PublicContentArchive 250396  4366    0.0272  34      
	JOSH: PublicContentArchive 250397  4366    0.1032  129     
	JOSH: PublicContentArchive 250399  4366    0.0056  7       
	JOSH: PublicContentArchive 250400  4366    0.0056  7       
	JOSH: PublicContentArchive 250401  4366    0.0032  4       
	JOSH: PublicContentArchive 250402  4366    0.0112  14      
	JOSH: PublicContentArchive 250403  4366    0.016   20      
	JOSH: PublicContentArchive 250404  4366    0.0144  18      
	JOSH: PublicContentArchive 250406  4366    0.0008  1       
	JOSH: PublicContentArchive 250410  4366    0.4872  609     
	JOSH: PublicContentArchive 250414  4366    0.0656  82      
	JOSH: PublicContentArchive 250417  4366    0.1608  201     
	JOSH: PublicContentArchive 250419  4366    0.0144  18      
	JOSH: PublicContentArchive 250420  4366    0.0192  24      
	JOSH: PublicContentArchive 255074  4366    0       0       
	JOSH: PublicContentArchive 255168  4366    0.0176  22      
	JOSH: PublicContentArchive 255173  4366    0.0208  26      
	JOSH: PublicContentArchive 261566  4366    0.0072  9       
	JOSH: PublicContentArchive 262827  4366    0.0016  2       
	JOSH: PublicContentArchive 277093  4366    0.1192  149     
	JOSH: PublicContentArchive 277096  4366    0.6224  778     
	JOSH: PublicContentArchive 302914  4366    0.028   35      
	JOSH: PublicContentArchive 309583  4366    0.032   40      
	JOSH: PublicContentArchive 311525  4366    0.0008  1       
	JOSH: PublicContentArchive 321237  4366    0       0       
	JOSH: PublicContentArchive 321256  4366    0.1728  216     
	JOSH: PublicContentArchive 321272  4366    0.1536  192     
	JOSH: PublicContentArchive 321280  4366    0.1392  174     
	JOSH: PublicContentArchive 321329  4366    0.1776  222     
	JOSH: PublicContentArchive 321336  4366    0.1472  184     
	JOSH: PublicContentArchive 321340  4366    0.1832  229     
	JOSH: PublicContentArchive 326104  4366    0.1696  212     
	JOSH: PublicContentArchive 337752  4366    0.0008  1       
	JOSH: PublicContentArchive 436199  4366    0.1928  241     
	JOSH: PublicContentArchive 436210  4366    0.2992  374     
	JOSH: PublicContentArchive 440315  4366    0.0576  72      
	JOSH: PublicContentArchive 460399  4366    0.0496  62      
	JOSH: PublicContentArchive 469248  4366    0.0184  23      
	JOSH: PublicContentArchive 479735  4366    0.0072  9       
	JOSH: PublicContentArchive 485924  4366    0.0112  14      
	JOSH: PublicContentArchive 487887  4366    0.0072  9       
	JOSH: PublicContentArchive 487891  4366    0.0056  7       
	JOSH: PublicContentArchive 489547  4366    0.0008  1       
	JOSH: PublicContentArchive 489557  4366    0.0032  4       
	JOSH: PublicContentArchive 489571  4366    0.0088  11      
	JOSH: PublicContentArchive 489580  4366    0.028   35      
	JOSH: PublicContentArchive 489600  4366    0.0056  7       
	JOSH: PublicContentArchive 489621  4366    0.012   15      
	JOSH: PublicContentArchive 489634  4366    0.0152  19      
	JOSH: PublicContentArchive 489657  4366    0.028   35      
	JOSH: PublicContentArchive 489668  4366    0.032   40      
	JOSH: PublicContentArchive 489681  4366    0.0232  29      
	JOSH: PublicContentArchive 496542  4366    0.004   5       
	JOSH: PublicContentArchive 496798  4366    0.0056  7       
	JOSH: PublicContentArchive 516950  4366    0.0112  14      
	JOSH: PublicContentArchive 523981  4366    0.0072  9       
	JOSH: PublicContentArchive 532972  4366    0.0056  7       
	JOSH: PublicContentArchive 546822  4366    0.0048  6       
	JOSH: PublicContentArchive 548314  4366    0.5856  732     
	JOSH: PublicContentArchive 548325  4366    0.5024  628     
	JOSH: PublicContentArchive 549006  4366    0.0056  7       
	JOSH: PublicContentArchive 550558  4366    0.016   20      
	JOSH: PublicContentArchive 576282  4366    0.0112  14      
	JOSH: PublicContentArchive 589103  4366    0.004   5       
	JOSH: PublicContentArchive 589111  4366    0       0       
	JOSH: PublicContentArchive 589122  4366    0       0       
	JOSH: PublicContentArchive 599638  4366    0.2696  337     
	JOSH: PublicContentArchive 635836  4366    0.0504  63      
	JOSH: PublicContentArchive 642927  4366    0.012   15      
	JOSH: PublicContentArchive 772867  4366    0.002   2       
	JOSH: ContestEarnings 20232   4366    25      Contest 
	JOSH: ContestEarnings 30161   4366    25      Contest 
	JOSH: BonusEarnings 2968    4366    4.8     
	JOSH: BonusEarnings 3208    4366    5.5     
	JOSH: BonusEarnings 3379    4366    4.85    
	JOSH: BonusEarnings 3415    4366    4.7     
	JOSH: BonusEarnings 3599    4366    4.95    
	JOSH: BonusEarnings 3727    4366    5.1     
	JOSH: BonusEarnings 3728    4366    5.5     
	JOSH: BonusEarnings 3882    4366    5.25    
	JOSH: BonusEarnings 4176    4366    2       
	JOSH: BonusEarnings 4974    4366    3.35    
	JOSH: BonusEarnings 5014    4366    3       
	JOSH: BonusEarnings 5312    4366    4.95    
	JOSH: BonusEarnings 5705    4366    4.75    
	JOSH: BonusEarnings 6058    4366    4.85    
	JOSH: BonusEarnings 6162    4366    4.9     
	JOSH: BonusEarnings 6449    4366    5       
	JOSH: BonusEarnings 6497    4366    5.1     
	JOSH: BonusEarnings 6566    4366    4.2     
	JOSH: BonusEarnings 7069    4366    4.4     
	JOSH: BonusEarnings 7161    4366    3.85    
