youtube-dl -A --title --no-mtime --write-sub --write-auto-sub --sub-lang en,ja,jp 'https://www.youtube.com/watch?v=PlrFLKp1bTI'
youtube-dl -A --title --no-mtime --write-sub --write-auto-sub --sub-lang en,ja,jp 'https://www.youtube.com/watch?v=rk-wPp9Ru3I'
youtube-dl -A --title --no-mtime --write-sub --write-auto-sub --sub-lang en,ja,jp 'https://www.youtube.com/watch?v=k0UUnpUJc9U'
youtube-dl -A --title --no-mtime --write-sub --write-auto-sub --sub-lang en,ja,jp 'https://www.google.com/url?sa=t&rct=j&q=&esrc=s&source=web&cd=5&cad=rja&uact=8&ved=0CFAQtwIwBA&url=http%3A%2F%2Fwww.youtube.com%2Fwatch%3Fv%3DoEYWTrACFDE&ei=SHJdU7WDCam-sQS1u4DwDg&usg=AFQjCNFXSTKs4NIjGu9ePgo5EkKOrl4uOA&sig2=gKyRU7dwVJqz2e1DAClWSA&bvm=bv.65397613,d.cWc'
youtube-dl -A --title --no-mtime --write-sub --write-auto-sub --sub-lang en,ja,jp 'https://www.youtube.com/watch?v=dFf4AgBNR1E'
youtube-dl -A --title --no-mtime --write-sub --write-auto-sub --sub-lang en,ja,jp 'https://www.youtube.com/watch?v=XHdcW2axwMk'
youtube-dl -A --title --no-mtime --write-sub --write-auto-sub --sub-lang en,ja,jp 'http://vimeo.com/36579366'
youtube-dl -A --title --no-mtime --write-sub --write-auto-sub --sub-lang en,ja,jp 'http://vimeo.com/36579366'
youtube-dl -A --title --no-mtime --write-sub --write-auto-sub --sub-lang en,ja,jp 'http://vimeo.com/36579366'
youtube-dl -A --title --no-mtime --write-sub --write-auto-sub --sub-lang en,ja,jp 'https://www.google.com/url?sa=t&rct=j&q=&esrc=s&source=web&cd=8&cad=rja&uact=8&ved=0CG0QtwIwBw&url=http%3A%2F%2Fwww.youtube.com%2Fwatch%3Fv%3D8pTEmbeENF4&ei=mq5eU-vfAZOu2gXpioDgAw&usg=AFQjCNEy2pjo8Xnme8I3-333CAZzXli0Eg&sig2=iVYGbMfWzsR74mGlhAaMwA&bvm=bv.65397613,d.b2I'
youtube-dl -A --title --no-mtime --write-sub --write-auto-sub --sub-lang en,ja,jp -f 18 'https://www.google.com/url?sa=t&rct=j&q=&esrc=s&source=web&cd=8&cad=rja&uact=8&ved=0CG0QtwIwBw&url=http%3A%2F%2Fwww.youtube.com%2Fwatch%3Fv%3D8pTEmbeENF4&ei=mq5eU-vfAZOu2gXpioDgAw&usg=AFQjCNEy2pjo8Xnme8I3-333CAZzXli0Eg&sig2=iVYGbMfWzsR74mGlhAaMwA&bvm=bv.65397613,d.b2I'
youtube-dl -A --title --no-mtime --write-sub --write-auto-sub --sub-lang en,ja,jp -f 18 'https://www.google.com/url?sa=t&rct=j&q=&esrc=s&source=web&cd=8&cad=rja&uact=8&ved=0CG0QtwIwBw&url=http%3A%2F%2Fwww.youtube.com%2Fwatch%3Fv%3D8pTEmbeENF4&ei=mq5eU-vfAZOu2gXpioDgAw&usg=AFQjCNEy2pjo8Xnme8I3-333CAZzXli0Eg&sig2=iVYGbMfWzsR74mGlhAaMwA&bvm=bv.65397613,d.b2I'
youtube-dl -A --title --no-mtime --write-sub --write-auto-sub --sub-lang en,ja,jp -f 18 'https://www.google.com/url?sa=t&rct=j&q=&esrc=s&source=web&cd=8&cad=rja&uact=8&ved=0CG0QtwIwBw&url=http%3A%2F%2Fwww.youtube.com%2Fwatch%3Fv%3D8pTEmbeENF4&ei=mq5eU-vfAZOu2gXpioDgAw&usg=AFQjCNEy2pjo8Xnme8I3-333CAZzXli0Eg&sig2=iVYGbMfWzsR74mGlhAaMwA&bvm=bv.65397613,d.b2I'
youtube-dl -A --title --no-mtime --write-sub --write-auto-sub --sub-lang en,ja,jp  'http://vimeo.com/36579366'
youtube-dl -A --title --no-mtime --write-sub --write-auto-sub --sub-lang en,ja,jp  'http://vimeo.com/36579366'
youtube-dl -A --title --no-mtime --write-sub --write-auto-sub --sub-lang en,ja,jp  'http://vimeo.com/36579366'
youtube-dl -A --title --no-mtime --write-sub --write-auto-sub --sub-lang en,ja,jp  'https://www.youtube.com/watch?v=dpcHPVpjBCM&list=AL94UKMTqg-9BJNJ3_TYIlrugkpFCcJcWW'
youtube-dl -A --title --no-mtime --write-sub --write-auto-sub --sub-lang en,ja,jp  'https://www.youtube.com/watch?v=dpcHPVpjBCM&list=AL94UKMTqg-9BJNJ3_TYIlrugkpFCcJcWW'
youtube-dl -A --title --no-mtime --write-sub --write-auto-sub --sub-lang en,ja,jp  'https://www.youtube.com/watch?v=dpcHPVpjBCM&list=AL94UKMTqg-9BJNJ3_TYIlrugkpFCcJcWW'
youtube-dl -A --title --no-mtime --write-sub --write-auto-sub --sub-lang en,ja,jp  'https://www.youtube.com/watch?v=-5l6Ob4AZf8'
youtube-dl -A --title --no-mtime --write-sub --write-auto-sub --sub-lang en,ja,jp  'https://www.youtube.com/watch?v=aoXLT7mOAUA'
youtube-dl -A --title --no-mtime --write-sub --write-auto-sub --sub-lang en,ja,jp  'https://www.youtube.com/watch?v=nJ6A6GC_ki4'
youtube-dl -A --title --no-mtime --write-sub --write-auto-sub --sub-lang en,ja,jp  'https://www.youtube.com/watch?v=MF8kHWWFO10'
youtube-dl -A --title --no-mtime --write-sub --write-auto-sub --sub-lang en,ja,jp  'https://www.youtube.com/watch?v=UvjhDMqS68c'
youtube-dl -A --title --no-mtime --write-sub --write-auto-sub --sub-lang en,ja,jp  'https://www.youtube.com/watch?v=dX1Wt1k3oKc'
