This file contains any messages produced by compilers while
running configure, to aid debugging if configure makes a mistake.

It was created by libquvi configure 0.9.4, which was
generated by GNU Autoconf 2.69.  Invocation command line was

  $ ./configure 

## --------- ##
## Platform. ##
## --------- ##

hostname = Jonathans-MacBook-Pro.local
uname -m = x86_64
uname -r = 12.4.0
uname -s = Darwin
uname -v = Darwin Kernel Version 12.4.0: Wed May  1 17:57:12 PDT 2013; root:xnu-2050.24.15~1/RELEASE_X86_64

/usr/bin/uname -p = i386
/bin/uname -X     = unknown

/bin/arch              = unknown
/usr/bin/arch -k       = unknown
/usr/convex/getsysinfo = unknown
/usr/bin/hostinfo      = Mach kernel version:
	 Darwin Kernel Version 12.4.0: Wed May  1 17:57:12 PDT 2013; root:xnu-2050.24.15~1/RELEASE_X86_64
Kernel configured for up to 4 processors.
2 processors are physically available.
4 processors are logically available.
Processor type: i486 (Intel 80486)
Processors active: 0 1 2 3
Primary memory available: 8.00 gigabytes
Default processor set: 229 tasks, 1605 threads, 4 processors
Load average: 1.92, Mach factor: 2.14
/bin/machine           = unknown
/usr/bin/oslevel       = unknown
/bin/universe          = unknown

PATH: /Users/jearsh/.rvm/gems/ruby-2.0.0-p247/bin
PATH: /Users/jearsh/.rvm/gems/ruby-2.0.0-p247@global/bin
PATH: /Users/jearsh/.rvm/rubies/ruby-2.0.0-p247/bin
PATH: /Users/jearsh/.rvm/bin
PATH: /Users/jearsh/bin/app-binstubs
PATH: /Users/jearsh/bin/app-binstubs
PATH: ./stubs
PATH: .git/safe/../../bin
PATH: .git/bin
PATH: /Users/jearsh/bin
PATH: /usr/local/bin
PATH: /usr/bin
PATH: /bin
PATH: /usr/sbin
PATH: /sbin
PATH: ./stubs
PATH: /Users/jearsh/bin
PATH: /usr/X11/bin
PATH: /Users/jearsh/Sites/node_speed_rps/node_modules/js2coffee/node_modules/.bin
PATH: /Users/jearsh/Sites/node_speed_rps/node_modules/js2coffee/bin
PATH: /Developer/usr/bin
PATH: /Users/jearsh/Sites/node_speed_rps/node_modules/js2coffee/node_modules/.bin
PATH: /Users/jearsh/Sites/node_speed_rps/node_modules/js2coffee/bin
PATH: /Developer/usr/bin
PATH: /Users/jearsh/bin
PATH: /Users/jearsh/software/clive/bin


## ----------- ##
## Core tests. ##
## ----------- ##

configure:2425: checking build system type
configure:2439: result: x86_64-apple-darwin12.4.0
configure:2459: checking host system type
configure:2472: result: x86_64-apple-darwin12.4.0
configure:2492: checking target system type
configure:2505: result: x86_64-apple-darwin12.4.0
configure:2579: checking for gcc
configure:2595: found /usr/bin/gcc
configure:2606: result: gcc
configure:2835: checking for C compiler version
configure:2844: gcc --version >&5
i686-apple-darwin11-llvm-gcc-4.2 (GCC) 4.2.1 (Based on Apple Inc. build 5658) (LLVM build 2335.15.00)
Copyright (C) 2007 Free Software Foundation, Inc.
This is free software; see the source for copying conditions.  There is NO
warranty; not even for MERCHANTABILITY or FITNESS FOR A PARTICULAR PURPOSE.

configure:2855: $? = 0
configure:2844: gcc -v >&5
Using built-in specs.
Target: i686-apple-darwin11
Configured with: /private/var/tmp/llvmgcc42/llvmgcc42-2335.15~25/src/configure --disable-checking --enable-werror --prefix=/Developer/usr/llvm-gcc-4.2 --mandir=/share/man --enable-languages=c,objc,c++,obj-c++ --program-prefix=llvm- --program-transform-name=/^[cg][^.-]*$/s/$/-4.2/ --with-slibdir=/usr/lib --build=i686-apple-darwin11 --enable-llvm=/private/var/tmp/llvmgcc42/llvmgcc42-2335.15~25/dst-llvmCore/Developer/usr/local --program-prefix=i686-apple-darwin11- --host=x86_64-apple-darwin11 --target=i686-apple-darwin11 --with-gxx-include-dir=/usr/include/c++/4.2.1
Thread model: posix
gcc version 4.2.1 (Based on Apple Inc. build 5658) (LLVM build 2335.15.00)
configure:2855: $? = 0
configure:2844: gcc -V >&5
llvm-gcc-4.2: argument to `-V' is missing
configure:2855: $? = 1
configure:2844: gcc -qversion >&5
i686-apple-darwin11-llvm-gcc-4.2: no input files
configure:2855: $? = 1
configure:2875: checking whether the C compiler works
configure:2897: gcc    conftest.c  >&5
configure:2901: $? = 0
configure:2949: result: yes
configure:2952: checking for C compiler default output file name
configure:2954: result: a.out
configure:2960: checking for suffix of executables
configure:2967: gcc -o conftest    conftest.c  >&5
configure:2971: $? = 0
configure:2993: result: 
configure:3015: checking whether we are cross compiling
configure:3023: gcc -o conftest    conftest.c  >&5
configure:3027: $? = 0
configure:3034: ./conftest
configure:3038: $? = 0
configure:3053: result: no
configure:3058: checking for suffix of object files
configure:3080: gcc -c   conftest.c >&5
configure:3084: $? = 0
configure:3105: result: o
configure:3109: checking whether we are using the GNU C compiler
configure:3128: gcc -c   conftest.c >&5
configure:3128: $? = 0
configure:3137: result: yes
configure:3146: checking whether gcc accepts -g
configure:3166: gcc -c -g  conftest.c >&5
configure:3166: $? = 0
configure:3207: result: yes
configure:3224: checking for gcc option to accept ISO C89
configure:3287: gcc  -c -g -O2  conftest.c >&5
configure:3287: $? = 0
configure:3300: result: none needed
configure:3326: checking how to run the C preprocessor
configure:3357: gcc -E  conftest.c
configure:3357: $? = 0
configure:3371: gcc -E  conftest.c
conftest.c:10:28: error: ac_nonexistent.h: No such file or directory
configure:3371: $? = 1
configure: failed program was:
| /* confdefs.h */
| #define PACKAGE_NAME "libquvi"
| #define PACKAGE_TARNAME "libquvi"
| #define PACKAGE_VERSION "0.9.4"
| #define PACKAGE_STRING "libquvi 0.9.4"
| #define PACKAGE_BUGREPORT "http://quvi.sf.net/bugs/"
| #define PACKAGE_URL "http://quvi.sf.net/"
| #define BUILD_OPTS ""
| /* end confdefs.h.  */
| #include <ac_nonexistent.h>
configure:3396: result: gcc -E
configure:3416: gcc -E  conftest.c
configure:3416: $? = 0
configure:3430: gcc -E  conftest.c
conftest.c:10:28: error: ac_nonexistent.h: No such file or directory
configure:3430: $? = 1
configure: failed program was:
| /* confdefs.h */
| #define PACKAGE_NAME "libquvi"
| #define PACKAGE_TARNAME "libquvi"
| #define PACKAGE_VERSION "0.9.4"
| #define PACKAGE_STRING "libquvi 0.9.4"
| #define PACKAGE_BUGREPORT "http://quvi.sf.net/bugs/"
| #define PACKAGE_URL "http://quvi.sf.net/"
| #define BUILD_OPTS ""
| /* end confdefs.h.  */
| #include <ac_nonexistent.h>
configure:3459: checking for grep that handles long lines and -e
configure:3517: result: /usr/bin/grep
configure:3522: checking for egrep
configure:3584: result: /usr/bin/grep -E
configure:3589: checking for ANSI C header files
configure:3609: gcc -c -g -O2  conftest.c >&5
configure:3609: $? = 0
configure:3682: gcc -o conftest -g -O2   conftest.c  >&5
configure:3682: $? = 0
configure:3682: ./conftest
configure:3682: $? = 0
configure:3693: result: yes
configure:3706: checking for sys/types.h
configure:3706: gcc -c -g -O2  conftest.c >&5
configure:3706: $? = 0
configure:3706: result: yes
configure:3706: checking for sys/stat.h
configure:3706: gcc -c -g -O2  conftest.c >&5
configure:3706: $? = 0
configure:3706: result: yes
configure:3706: checking for stdlib.h
configure:3706: gcc -c -g -O2  conftest.c >&5
configure:3706: $? = 0
configure:3706: result: yes
configure:3706: checking for string.h
configure:3706: gcc -c -g -O2  conftest.c >&5
configure:3706: $? = 0
configure:3706: result: yes
configure:3706: checking for memory.h
configure:3706: gcc -c -g -O2  conftest.c >&5
configure:3706: $? = 0
configure:3706: result: yes
configure:3706: checking for strings.h
configure:3706: gcc -c -g -O2  conftest.c >&5
configure:3706: $? = 0
configure:3706: result: yes
configure:3706: checking for inttypes.h
configure:3706: gcc -c -g -O2  conftest.c >&5
configure:3706: $? = 0
configure:3706: result: yes
configure:3706: checking for stdint.h
configure:3706: gcc -c -g -O2  conftest.c >&5
configure:3706: $? = 0
configure:3706: result: yes
configure:3706: checking for unistd.h
configure:3706: gcc -c -g -O2  conftest.c >&5
configure:3706: $? = 0
configure:3706: result: yes
configure:3719: checking minix/config.h usability
configure:3719: gcc -c -g -O2  conftest.c >&5
conftest.c:53:26: error: minix/config.h: No such file or directory
configure:3719: $? = 1
configure: failed program was:
| /* confdefs.h */
| #define PACKAGE_NAME "libquvi"
| #define PACKAGE_TARNAME "libquvi"
| #define PACKAGE_VERSION "0.9.4"
| #define PACKAGE_STRING "libquvi 0.9.4"
| #define PACKAGE_BUGREPORT "http://quvi.sf.net/bugs/"
| #define PACKAGE_URL "http://quvi.sf.net/"
| #define BUILD_OPTS ""
| #define STDC_HEADERS 1
| #define HAVE_SYS_TYPES_H 1
| #define HAVE_SYS_STAT_H 1
| #define HAVE_STDLIB_H 1
| #define HAVE_STRING_H 1
| #define HAVE_MEMORY_H 1
| #define HAVE_STRINGS_H 1
| #define HAVE_INTTYPES_H 1
| #define HAVE_STDINT_H 1
| #define HAVE_UNISTD_H 1
| /* end confdefs.h.  */
| #include <stdio.h>
| #ifdef HAVE_SYS_TYPES_H
| # include <sys/types.h>
| #endif
| #ifdef HAVE_SYS_STAT_H
| # include <sys/stat.h>
| #endif
| #ifdef STDC_HEADERS
| # include <stdlib.h>
| # include <stddef.h>
| #else
| # ifdef HAVE_STDLIB_H
| #  include <stdlib.h>
| # endif
| #endif
| #ifdef HAVE_STRING_H
| # if !defined STDC_HEADERS && defined HAVE_MEMORY_H
| #  include <memory.h>
| # endif
| # include <string.h>
| #endif
| #ifdef HAVE_STRINGS_H
| # include <strings.h>
| #endif
| #ifdef HAVE_INTTYPES_H
| # include <inttypes.h>
| #endif
| #ifdef HAVE_STDINT_H
| # include <stdint.h>
| #endif
| #ifdef HAVE_UNISTD_H
| # include <unistd.h>
| #endif
| #include <minix/config.h>
configure:3719: result: no
configure:3719: checking minix/config.h presence
configure:3719: gcc -E  conftest.c
conftest.c:20:26: error: minix/config.h: No such file or directory
configure:3719: $? = 1
configure: failed program was:
| /* confdefs.h */
| #define PACKAGE_NAME "libquvi"
| #define PACKAGE_TARNAME "libquvi"
| #define PACKAGE_VERSION "0.9.4"
| #define PACKAGE_STRING "libquvi 0.9.4"
| #define PACKAGE_BUGREPORT "http://quvi.sf.net/bugs/"
| #define PACKAGE_URL "http://quvi.sf.net/"
| #define BUILD_OPTS ""
| #define STDC_HEADERS 1
| #define HAVE_SYS_TYPES_H 1
| #define HAVE_SYS_STAT_H 1
| #define HAVE_STDLIB_H 1
| #define HAVE_STRING_H 1
| #define HAVE_MEMORY_H 1
| #define HAVE_STRINGS_H 1
| #define HAVE_INTTYPES_H 1
| #define HAVE_STDINT_H 1
| #define HAVE_UNISTD_H 1
| /* end confdefs.h.  */
| #include <minix/config.h>
configure:3719: result: no
configure:3719: checking for minix/config.h
configure:3719: result: no
configure:3740: checking whether it is safe to define __EXTENSIONS__
configure:3758: gcc -c -g -O2  conftest.c >&5
configure:3758: $? = 0
configure:3765: result: yes
configure:3815: checking for a BSD-compatible install
configure:3883: result: /usr/bin/install -c
configure:3894: checking whether build environment is sane
configure:3944: result: yes
configure:4085: checking for a thread-safe mkdir -p
configure:4124: result: config.aux/install-sh -c -d
configure:4137: checking for gawk
configure:4167: result: no
configure:4137: checking for mawk
configure:4167: result: no
configure:4137: checking for nawk
configure:4167: result: no
configure:4137: checking for awk
configure:4153: found /usr/bin/awk
configure:4164: result: awk
configure:4175: checking whether make sets $(MAKE)
configure:4197: result: yes
configure:4227: checking for style of include used by make
configure:4255: result: GNU
configure:4335: checking how to create a ustar tar archive
configure:4348: tar --version
bsdtar 2.8.3 - libarchive 2.8.3
configure:4351: $? = 0
configure:4391: tardir=conftest.dir && eval tar --format=ustar -chf - "$tardir" >conftest.tar
configure:4394: $? = 0
configure:4398: tar -xf - <conftest.tar
configure:4401: $? = 0
configure:4414: result: gnutar
configure:4422: checking dependency style of gcc
configure:4533: result: gcc3
configure:4560: checking whether make supports nested variables
configure:4577: result: yes
configure:4640: checking for ar
configure:4656: found /usr/bin/ar
configure:4667: result: ar
configure:4693: checking the archiver (ar) interface
configure:4703: gcc -c -g -O2  conftest.c >&5
configure:4703: $? = 0
configure:4705: ar cru libconftest.a conftest.o >&5
configure:4708: $? = 0
configure:4731: result: ar
configure:4754: checking whether NLS is requested
configure:4763: result: yes
configure:4804: checking for msgfmt
configure:4839: result: no
configure:4845: checking for gmsgfmt
configure:4876: result: :
configure:4927: checking for xgettext
configure:4962: result: no
configure:5005: checking for msgmerge
configure:5039: result: no
configure:5093: checking for ld used by GCC
configure:5157: result: /usr/llvm-gcc-4.2/libexec/gcc/i686-apple-darwin11/4.2.1/ld
configure:5164: checking if the linker (/usr/llvm-gcc-4.2/libexec/gcc/i686-apple-darwin11/4.2.1/ld) is GNU ld
configure:5177: result: no
configure:5184: checking for shared library run path origin
configure:5197: result: done
configure:5769: checking for CFPreferencesCopyAppValue
configure:5787: gcc -o conftest -g -O2   conftest.c  -Wl,-framework -Wl,CoreFoundation >&5
conftest.c:30:42: error: CoreFoundation/CFPreferences.h: No such file or directory
conftest.c: In function 'main':
conftest.c:34: error: 'NULL' undeclared (first use in this function)
conftest.c:34: error: (Each undeclared identifier is reported only once
conftest.c:34: error: for each function it appears in.)
configure:5787: $? = 1
configure: failed program was:
| /* confdefs.h */
| #define PACKAGE_NAME "libquvi"
| #define PACKAGE_TARNAME "libquvi"
| #define PACKAGE_VERSION "0.9.4"
| #define PACKAGE_STRING "libquvi 0.9.4"
| #define PACKAGE_BUGREPORT "http://quvi.sf.net/bugs/"
| #define PACKAGE_URL "http://quvi.sf.net/"
| #define BUILD_OPTS ""
| #define STDC_HEADERS 1
| #define HAVE_SYS_TYPES_H 1
| #define HAVE_SYS_STAT_H 1
| #define HAVE_STDLIB_H 1
| #define HAVE_STRING_H 1
| #define HAVE_MEMORY_H 1
| #define HAVE_STRINGS_H 1
| #define HAVE_INTTYPES_H 1
| #define HAVE_STDINT_H 1
| #define HAVE_UNISTD_H 1
| #define __EXTENSIONS__ 1
| #define _ALL_SOURCE 1
| #define _GNU_SOURCE 1
| #define _POSIX_PTHREAD_SEMANTICS 1
| #define _TANDEM_SOURCE 1
| #define CANONICAL_TARGET "x86_64-apple-darwin12.4.0"
| #define CANONICAL_BUILD "x86_64-apple-darwin12.4.0"
| #define CANONICAL_HOST "x86_64-apple-darwin12.4.0"
| #define PACKAGE "libquvi"
| #define VERSION "0.9.4"
| /* end confdefs.h.  */
| #include <CoreFoundation/CFPreferences.h>
| int
| main ()
| {
| CFPreferencesCopyAppValue(NULL, NULL)
|   ;
|   return 0;
| }
configure:5796: result: no
configure:5803: checking for CFLocaleCopyCurrent
configure:5821: gcc -o conftest -g -O2   conftest.c  -Wl,-framework -Wl,CoreFoundation >&5
conftest.c:30:37: error: CoreFoundation/CFLocale.h: No such file or directory
configure:5821: $? = 1
configure: failed program was:
| /* confdefs.h */
| #define PACKAGE_NAME "libquvi"
| #define PACKAGE_TARNAME "libquvi"
| #define PACKAGE_VERSION "0.9.4"
| #define PACKAGE_STRING "libquvi 0.9.4"
| #define PACKAGE_BUGREPORT "http://quvi.sf.net/bugs/"
| #define PACKAGE_URL "http://quvi.sf.net/"
| #define BUILD_OPTS ""
| #define STDC_HEADERS 1
| #define HAVE_SYS_TYPES_H 1
| #define HAVE_SYS_STAT_H 1
| #define HAVE_STDLIB_H 1
| #define HAVE_STRING_H 1
| #define HAVE_MEMORY_H 1
| #define HAVE_STRINGS_H 1
| #define HAVE_INTTYPES_H 1
| #define HAVE_STDINT_H 1
| #define HAVE_UNISTD_H 1
| #define __EXTENSIONS__ 1
| #define _ALL_SOURCE 1
| #define _GNU_SOURCE 1
| #define _POSIX_PTHREAD_SEMANTICS 1
| #define _TANDEM_SOURCE 1
| #define CANONICAL_TARGET "x86_64-apple-darwin12.4.0"
| #define CANONICAL_BUILD "x86_64-apple-darwin12.4.0"
| #define CANONICAL_HOST "x86_64-apple-darwin12.4.0"
| #define PACKAGE "libquvi"
| #define VERSION "0.9.4"
| /* end confdefs.h.  */
| #include <CoreFoundation/CFLocale.h>
| int
| main ()
| {
| CFLocaleCopyCurrent();
|   ;
|   return 0;
| }
configure:5830: result: no
configure:5879: checking for GNU gettext in libc
configure:5899: gcc -o conftest -g -O2   conftest.c  >&5
conftest.c:30:21: error: libintl.h: No such file or directory
conftest.c: In function 'main':
conftest.c:38: warning: incompatible implicit declaration of built-in function 'gettext'
configure:5899: $? = 1
configure: failed program was:
| /* confdefs.h */
| #define PACKAGE_NAME "libquvi"
| #define PACKAGE_TARNAME "libquvi"
| #define PACKAGE_VERSION "0.9.4"
| #define PACKAGE_STRING "libquvi 0.9.4"
| #define PACKAGE_BUGREPORT "http://quvi.sf.net/bugs/"
| #define PACKAGE_URL "http://quvi.sf.net/"
| #define BUILD_OPTS ""
| #define STDC_HEADERS 1
| #define HAVE_SYS_TYPES_H 1
| #define HAVE_SYS_STAT_H 1
| #define HAVE_STDLIB_H 1
| #define HAVE_STRING_H 1
| #define HAVE_MEMORY_H 1
| #define HAVE_STRINGS_H 1
| #define HAVE_INTTYPES_H 1
| #define HAVE_STDINT_H 1
| #define HAVE_UNISTD_H 1
| #define __EXTENSIONS__ 1
| #define _ALL_SOURCE 1
| #define _GNU_SOURCE 1
| #define _POSIX_PTHREAD_SEMANTICS 1
| #define _TANDEM_SOURCE 1
| #define CANONICAL_TARGET "x86_64-apple-darwin12.4.0"
| #define CANONICAL_BUILD "x86_64-apple-darwin12.4.0"
| #define CANONICAL_HOST "x86_64-apple-darwin12.4.0"
| #define PACKAGE "libquvi"
| #define VERSION "0.9.4"
| /* end confdefs.h.  */
| #include <libintl.h>
| 
| extern int _nl_msg_cat_cntr;
| extern int *_nl_domain_bindings;
| int
| main ()
| {
| bindtextdomain ("", "");
| return * gettext ("") + _nl_msg_cat_cntr + *_nl_domain_bindings
|   ;
|   return 0;
| }
configure:5908: result: no
configure:5942: checking for iconv
configure:5964: gcc -o conftest -g -O2   conftest.c  >&5
Undefined symbols for architecture x86_64:
  "_iconv_open", referenced from:
      _main in ccUmfhy7.o
  "_iconv", referenced from:
      _main in ccUmfhy7.o
  "_iconv_close", referenced from:
      _main in ccUmfhy7.o
ld: symbol(s) not found for architecture x86_64
collect2: ld returned 1 exit status
configure:5964: $? = 1
configure: failed program was:
| /* confdefs.h */
| #define PACKAGE_NAME "libquvi"
| #define PACKAGE_TARNAME "libquvi"
| #define PACKAGE_VERSION "0.9.4"
| #define PACKAGE_STRING "libquvi 0.9.4"
| #define PACKAGE_BUGREPORT "http://quvi.sf.net/bugs/"
| #define PACKAGE_URL "http://quvi.sf.net/"
| #define BUILD_OPTS ""
| #define STDC_HEADERS 1
| #define HAVE_SYS_TYPES_H 1
| #define HAVE_SYS_STAT_H 1
| #define HAVE_STDLIB_H 1
| #define HAVE_STRING_H 1
| #define HAVE_MEMORY_H 1
| #define HAVE_STRINGS_H 1
| #define HAVE_INTTYPES_H 1
| #define HAVE_STDINT_H 1
| #define HAVE_UNISTD_H 1
| #define __EXTENSIONS__ 1
| #define _ALL_SOURCE 1
| #define _GNU_SOURCE 1
| #define _POSIX_PTHREAD_SEMANTICS 1
| #define _TANDEM_SOURCE 1
| #define CANONICAL_TARGET "x86_64-apple-darwin12.4.0"
| #define CANONICAL_BUILD "x86_64-apple-darwin12.4.0"
| #define CANONICAL_HOST "x86_64-apple-darwin12.4.0"
| #define PACKAGE "libquvi"
| #define VERSION "0.9.4"
| /* end confdefs.h.  */
| #include <stdlib.h>
| #include <iconv.h>
| int
| main ()
| {
| iconv_t cd = iconv_open("","");
|        iconv(cd,NULL,NULL,NULL,NULL);
|        iconv_close(cd);
|   ;
|   return 0;
| }
configure:5986: gcc -o conftest -g -O2   conftest.c  -liconv >&5
configure:5986: $? = 0
configure:5996: result: yes
configure:5999: checking for working iconv
configure:6094: gcc -o conftest -g -O2   conftest.c  -liconv >&5
configure:6094: $? = 0
configure:6094: ./conftest
configure:6094: $? = 0
configure:6106: result: yes
configure:6121: checking how to link with libiconv
configure:6123: result: -liconv
configure:6595: checking for GNU gettext in libintl
configure:6623: gcc -o conftest -g -O2    conftest.c  -lintl >&5
conftest.c:31:21: error: libintl.h: No such file or directory
conftest.c: In function 'main':
conftest.c:43: warning: incompatible implicit declaration of built-in function 'gettext'
configure:6623: $? = 1
configure: failed program was:
| /* confdefs.h */
| #define PACKAGE_NAME "libquvi"
| #define PACKAGE_TARNAME "libquvi"
| #define PACKAGE_VERSION "0.9.4"
| #define PACKAGE_STRING "libquvi 0.9.4"
| #define PACKAGE_BUGREPORT "http://quvi.sf.net/bugs/"
| #define PACKAGE_URL "http://quvi.sf.net/"
| #define BUILD_OPTS ""
| #define STDC_HEADERS 1
| #define HAVE_SYS_TYPES_H 1
| #define HAVE_SYS_STAT_H 1
| #define HAVE_STDLIB_H 1
| #define HAVE_STRING_H 1
| #define HAVE_MEMORY_H 1
| #define HAVE_STRINGS_H 1
| #define HAVE_INTTYPES_H 1
| #define HAVE_STDINT_H 1
| #define HAVE_UNISTD_H 1
| #define __EXTENSIONS__ 1
| #define _ALL_SOURCE 1
| #define _GNU_SOURCE 1
| #define _POSIX_PTHREAD_SEMANTICS 1
| #define _TANDEM_SOURCE 1
| #define CANONICAL_TARGET "x86_64-apple-darwin12.4.0"
| #define CANONICAL_BUILD "x86_64-apple-darwin12.4.0"
| #define CANONICAL_HOST "x86_64-apple-darwin12.4.0"
| #define PACKAGE "libquvi"
| #define VERSION "0.9.4"
| #define HAVE_ICONV 1
| /* end confdefs.h.  */
| #include <libintl.h>
| 
| extern int _nl_msg_cat_cntr;
| extern
| #ifdef __cplusplus
| "C"
| #endif
| const char *_nl_expand_alias (const char *);
| int
| main ()
| {
| bindtextdomain ("", "");
| return * gettext ("") + _nl_msg_cat_cntr + *_nl_expand_alias ("")
|   ;
|   return 0;
| }
configure:6651: gcc -o conftest -g -O2    conftest.c  -lintl -liconv >&5
conftest.c:31:21: error: libintl.h: No such file or directory
conftest.c: In function 'main':
conftest.c:43: warning: incompatible implicit declaration of built-in function 'gettext'
configure:6651: $? = 1
configure: failed program was:
| /* confdefs.h */
| #define PACKAGE_NAME "libquvi"
| #define PACKAGE_TARNAME "libquvi"
| #define PACKAGE_VERSION "0.9.4"
| #define PACKAGE_STRING "libquvi 0.9.4"
| #define PACKAGE_BUGREPORT "http://quvi.sf.net/bugs/"
| #define PACKAGE_URL "http://quvi.sf.net/"
| #define BUILD_OPTS ""
| #define STDC_HEADERS 1
| #define HAVE_SYS_TYPES_H 1
| #define HAVE_SYS_STAT_H 1
| #define HAVE_STDLIB_H 1
| #define HAVE_STRING_H 1
| #define HAVE_MEMORY_H 1
| #define HAVE_STRINGS_H 1
| #define HAVE_INTTYPES_H 1
| #define HAVE_STDINT_H 1
| #define HAVE_UNISTD_H 1
| #define __EXTENSIONS__ 1
| #define _ALL_SOURCE 1
| #define _GNU_SOURCE 1
| #define _POSIX_PTHREAD_SEMANTICS 1
| #define _TANDEM_SOURCE 1
| #define CANONICAL_TARGET "x86_64-apple-darwin12.4.0"
| #define CANONICAL_BUILD "x86_64-apple-darwin12.4.0"
| #define CANONICAL_HOST "x86_64-apple-darwin12.4.0"
| #define PACKAGE "libquvi"
| #define VERSION "0.9.4"
| #define HAVE_ICONV 1
| /* end confdefs.h.  */
| #include <libintl.h>
| 
| extern int _nl_msg_cat_cntr;
| extern
| #ifdef __cplusplus
| "C"
| #endif
| const char *_nl_expand_alias (const char *);
| int
| main ()
| {
| bindtextdomain ("", "");
| return * gettext ("") + _nl_msg_cat_cntr + *_nl_expand_alias ("")
|   ;
|   return 0;
| }
configure:6664: result: no
configure:6699: checking whether to use NLS
configure:6701: result: no
configure:6825: checking how to print strings
configure:6852: result: printf
configure:6873: checking for a sed that does not truncate output
configure:6937: result: /usr/bin/sed
configure:6955: checking for fgrep
configure:7017: result: /usr/bin/grep -F
configure:7052: checking for ld used by gcc
configure:7119: result: /usr/llvm-gcc-4.2/libexec/gcc/i686-apple-darwin11/4.2.1/ld
configure:7126: checking if the linker (/usr/llvm-gcc-4.2/libexec/gcc/i686-apple-darwin11/4.2.1/ld) is GNU ld
configure:7141: result: no
configure:7153: checking for BSD- or MS-compatible name lister (nm)
configure:7202: result: /usr/bin/nm
configure:7332: checking the name lister (/usr/bin/nm) interface
configure:7339: gcc -c -g -O2  conftest.c >&5
configure:7342: /usr/bin/nm "conftest.o"
configure:7345: output
00000000000001ac S _some_variable
configure:7352: result: BSD nm
configure:7355: checking whether ln -s works
configure:7359: result: yes
configure:7367: checking the maximum length of command line arguments
configure:7497: result: 196608
configure:7514: checking whether the shell understands some XSI constructs
configure:7524: result: yes
configure:7528: checking whether the shell understands "+="
configure:7534: result: yes
configure:7569: checking how to convert x86_64-apple-darwin12.4.0 file names to x86_64-apple-darwin12.4.0 format
configure:7609: result: func_convert_file_noop
configure:7616: checking how to convert x86_64-apple-darwin12.4.0 file names to toolchain format
configure:7636: result: func_convert_file_noop
configure:7643: checking for /usr/llvm-gcc-4.2/libexec/gcc/i686-apple-darwin11/4.2.1/ld option to reload object files
configure:7650: result: -r
configure:7724: checking for objdump
configure:7754: result: no
configure:7783: checking how to recognize dependent libraries
configure:7981: result: pass_all
configure:8066: checking for dlltool
configure:8096: result: no
configure:8126: checking how to associate runtime and link libraries
configure:8153: result: printf %s\n
configure:8277: checking for archiver @FILE support
configure:8294: gcc -c -g -O2  conftest.c >&5
configure:8294: $? = 0
configure:8297: ar cru libconftest.a @conftest.lst >&5
ar: @conftest.lst: No such file or directory
configure:8300: $? = 1
configure:8320: result: no
configure:8378: checking for strip
configure:8394: found /usr/bin/strip
configure:8405: result: strip
configure:8477: checking for ranlib
configure:8493: found /usr/bin/ranlib
configure:8504: result: ranlib
configure:8606: checking command to parse /usr/bin/nm output from gcc object
configure:8726: gcc -c -g -O2  conftest.c >&5
configure:8729: $? = 0
configure:8733: /usr/bin/nm conftest.o \| sed -n -e 's/^.*[ ]\([BCDEGRST][BCDEGRST]*\)[ ][ ]*\([_A-Za-z][_A-Za-z0-9]*\)$/\1 \2 \2/p' | sed '/ __gnu_lto/d' \> conftest.nm
configure:8736: $? = 0
cannot find nm_test_var in conftest.nm
configure:8726: gcc -c -g -O2  conftest.c >&5
configure:8729: $? = 0
configure:8733: /usr/bin/nm conftest.o \| sed -n -e 's/^.*[ ]\([BCDEGRST][BCDEGRST]*\)[ ][ ]*_\([_A-Za-z][_A-Za-z0-9]*\)$/\1 _\2 \2/p' | sed '/ __gnu_lto/d' \> conftest.nm
configure:8736: $? = 0
configure:8802: gcc -o conftest -g -O2   conftest.c conftstm.o >&5
configure:8805: $? = 0
configure:8843: result: ok
configure:8880: checking for sysroot
configure:8910: result: no
configure:9166: checking for mt
configure:9196: result: no
configure:9216: checking if : is a manifest tool
configure:9222: : '-?'
configure:9230: result: no
configure:9286: checking for dsymutil
configure:9302: found /usr/bin/dsymutil
configure:9313: result: dsymutil
configure:9378: checking for nmedit
configure:9394: found /usr/bin/nmedit
configure:9405: result: nmedit
configure:9470: checking for lipo
configure:9486: found /usr/bin/lipo
configure:9497: result: lipo
configure:9562: checking for otool
configure:9578: found /usr/bin/otool
configure:9589: result: otool
configure:9654: checking for otool64
configure:9684: result: no
configure:9729: checking for -single_module linker flag
gcc -g -O2  -o libconftest.dylib -dynamiclib -Wl,-single_module conftest.c
configure:9762: result: yes
configure:9765: checking for -exported_symbols_list linker flag
configure:9785: gcc -o conftest -g -O2   -Wl,-exported_symbols_list,conftest.sym conftest.c  >&5
configure:9785: $? = 0
configure:9795: result: yes
configure:9798: checking for -force_load linker flag
gcc -g -O2 -c -o conftest.o conftest.c
ar cru libconftest.a conftest.o
ranlib libconftest.a
gcc -g -O2  -o conftest conftest.c -Wl,-force_load,./libconftest.a
configure:9830: result: yes
configure:9869: checking for dlfcn.h
configure:9869: gcc -c -g -O2  conftest.c >&5
configure:9869: $? = 0
configure:9869: result: yes
configure:10074: checking for objdir
configure:10089: result: .libs
configure:10360: checking if gcc supports -fno-rtti -fno-exceptions
configure:10378: gcc -c -g -O2  -fno-rtti -fno-exceptions conftest.c >&5
cc1: warning: command line option "-fno-rtti" is valid for C++/ObjC++ but not for C
configure:10382: $? = 0
configure:10395: result: no
configure:10722: checking for gcc option to produce PIC
configure:10729: result: -fno-common -DPIC
configure:10737: checking if gcc PIC flag -fno-common -DPIC works
configure:10755: gcc -c -g -O2  -fno-common -DPIC -DPIC conftest.c >&5
configure:10759: $? = 0
configure:10772: result: yes
configure:10801: checking if gcc static flag -static works
configure:10829: result: no
configure:10844: checking if gcc supports -c -o file.o
configure:10865: gcc -c -g -O2  -o out/conftest2.o conftest.c >&5
configure:10869: $? = 0
configure:10891: result: yes
configure:10899: checking if gcc supports -c -o file.o
configure:10946: result: yes
configure:10979: checking whether the gcc linker (/usr/llvm-gcc-4.2/libexec/gcc/i686-apple-darwin11/4.2.1/ld) supports shared libraries
configure:12136: result: yes
configure:12376: checking dynamic linker characteristics
configure:13110: result: darwin12.4.0 dyld
configure:13217: checking how to hardcode library paths into programs
configure:13242: result: immediate
configure:13782: checking whether stripping libraries is possible
configure:13796: result: yes
configure:13822: checking if libtool supports shared libraries
configure:13824: result: yes
configure:13827: checking whether to build shared libraries
configure:13848: result: yes
configure:13851: checking whether to build static libraries
configure:13855: result: no
configure:13943: checking for gcc
configure:13970: result: gcc
configure:14199: checking for C compiler version
configure:14208: gcc --version >&5
i686-apple-darwin11-llvm-gcc-4.2 (GCC) 4.2.1 (Based on Apple Inc. build 5658) (LLVM build 2335.15.00)
Copyright (C) 2007 Free Software Foundation, Inc.
This is free software; see the source for copying conditions.  There is NO
warranty; not even for MERCHANTABILITY or FITNESS FOR A PARTICULAR PURPOSE.

configure:14219: $? = 0
configure:14208: gcc -v >&5
Using built-in specs.
Target: i686-apple-darwin11
Configured with: /private/var/tmp/llvmgcc42/llvmgcc42-2335.15~25/src/configure --disable-checking --enable-werror --prefix=/Developer/usr/llvm-gcc-4.2 --mandir=/share/man --enable-languages=c,objc,c++,obj-c++ --program-prefix=llvm- --program-transform-name=/^[cg][^.-]*$/s/$/-4.2/ --with-slibdir=/usr/lib --build=i686-apple-darwin11 --enable-llvm=/private/var/tmp/llvmgcc42/llvmgcc42-2335.15~25/dst-llvmCore/Developer/usr/local --program-prefix=i686-apple-darwin11- --host=x86_64-apple-darwin11 --target=i686-apple-darwin11 --with-gxx-include-dir=/usr/include/c++/4.2.1
Thread model: posix
gcc version 4.2.1 (Based on Apple Inc. build 5658) (LLVM build 2335.15.00)
configure:14219: $? = 0
configure:14208: gcc -V >&5
llvm-gcc-4.2: argument to `-V' is missing
configure:14219: $? = 1
configure:14208: gcc -qversion >&5
i686-apple-darwin11-llvm-gcc-4.2: no input files
configure:14219: $? = 1
configure:14223: checking whether we are using the GNU C compiler
configure:14251: result: yes
configure:14260: checking whether gcc accepts -g
configure:14321: result: yes
configure:14338: checking for gcc option to accept ISO C89
configure:14414: result: none needed
configure:14435: checking whether gcc and cc understand -c and -o together
configure:14466: gcc -c conftest.c -o conftest2.o >&5
configure:14470: $? = 0
configure:14476: gcc -c conftest.c -o conftest2.o >&5
configure:14480: $? = 0
configure:14491: cc -c conftest.c >&5
configure:14495: $? = 0
configure:14503: cc -c conftest.c -o conftest2.o >&5
configure:14507: $? = 0
configure:14513: cc -c conftest.c -o conftest2.o >&5
configure:14517: $? = 0
configure:14535: result: yes
configure:14574: checking for doxygen
configure:14605: result: no
configure:14625: checking for a2x
configure:14656: result: no
configure:14679: checking for date
configure:14697: found /bin/date
configure:14710: result: /bin/date
configure:14732: checking for valgrind
configure:14763: result: no
configure:14836: checking for pkg-config
configure:14854: found /usr/local/bin/pkg-config
configure:14866: result: /usr/local/bin/pkg-config
configure:14891: checking pkg-config is at least version 0.9.0
configure:14894: result: yes
configure:14904: checking for liblua
configure:14911: $PKG_CONFIG --exists --print-errors "lua >= 5.1"
configure:14914: $? = 0
configure:14928: $PKG_CONFIG --exists --print-errors "lua >= 5.1"
configure:14931: $? = 0
configure:16129: result: yes
configure:16135: checking for libproxy
configure:16142: $PKG_CONFIG --exists --print-errors "libproxy-1.0 >= 0.3.1"
Package libproxy-1.0 was not found in the pkg-config search path.
Perhaps you should add the directory containing `libproxy-1.0.pc'
to the PKG_CONFIG_PATH environment variable
No package 'libproxy-1.0' found
configure:16145: $? = 1
configure:16159: $PKG_CONFIG --exists --print-errors "libproxy-1.0 >= 0.3.1"
Package libproxy-1.0 was not found in the pkg-config search path.
Perhaps you should add the directory containing `libproxy-1.0.pc'
to the PKG_CONFIG_PATH environment variable
No package 'libproxy-1.0' found
configure:16162: $? = 1
configure:16176: result: no
No package 'libproxy-1.0' found
configure:16192: error: Package requirements (libproxy-1.0 >= 0.3.1) were not met:

No package 'libproxy-1.0' found

Consider adjusting the PKG_CONFIG_PATH environment variable if you
installed software in a non-standard prefix.

Alternatively, you may set the environment variables libproxy_CFLAGS
and libproxy_LIBS to avoid the need to call pkg-config.
See the pkg-config man page for more details.

## ---------------- ##
## Cache variables. ##
## ---------------- ##

ac_cv_build=x86_64-apple-darwin12.4.0
ac_cv_c_compiler_gnu=yes
ac_cv_env_CC_set=
ac_cv_env_CC_value=
ac_cv_env_CFLAGS_set=
ac_cv_env_CFLAGS_value=
ac_cv_env_CPPFLAGS_set=
ac_cv_env_CPPFLAGS_value=
ac_cv_env_CPP_set=
ac_cv_env_CPP_value=
ac_cv_env_LDFLAGS_set=
ac_cv_env_LDFLAGS_value=
ac_cv_env_LIBS_set=
ac_cv_env_LIBS_value=
ac_cv_env_PKG_CONFIG_LIBDIR_set=
ac_cv_env_PKG_CONFIG_LIBDIR_value=
ac_cv_env_PKG_CONFIG_PATH_set=
ac_cv_env_PKG_CONFIG_PATH_value=
ac_cv_env_PKG_CONFIG_set=
ac_cv_env_PKG_CONFIG_value=
ac_cv_env_build_alias_set=
ac_cv_env_build_alias_value=
ac_cv_env_glib_CFLAGS_set=
ac_cv_env_glib_CFLAGS_value=
ac_cv_env_glib_LIBS_set=
ac_cv_env_glib_LIBS_value=
ac_cv_env_host_alias_set=
ac_cv_env_host_alias_value=
ac_cv_env_libcurl_CFLAGS_set=
ac_cv_env_libcurl_CFLAGS_value=
ac_cv_env_libcurl_LIBS_set=
ac_cv_env_libcurl_LIBS_value=
ac_cv_env_liblua_CFLAGS_set=
ac_cv_env_liblua_CFLAGS_value=
ac_cv_env_liblua_LIBS_set=
ac_cv_env_liblua_LIBS_value=
ac_cv_env_libproxy_CFLAGS_set=
ac_cv_env_libproxy_CFLAGS_value=
ac_cv_env_libproxy_LIBS_set=
ac_cv_env_libproxy_LIBS_value=
ac_cv_env_libquvi_scripts_CFLAGS_set=
ac_cv_env_libquvi_scripts_CFLAGS_value=
ac_cv_env_libquvi_scripts_LIBS_set=
ac_cv_env_libquvi_scripts_LIBS_value=
ac_cv_env_target_alias_set=
ac_cv_env_target_alias_value=
ac_cv_header_dlfcn_h=yes
ac_cv_header_inttypes_h=yes
ac_cv_header_memory_h=yes
ac_cv_header_minix_config_h=no
ac_cv_header_stdc=yes
ac_cv_header_stdint_h=yes
ac_cv_header_stdlib_h=yes
ac_cv_header_string_h=yes
ac_cv_header_strings_h=yes
ac_cv_header_sys_stat_h=yes
ac_cv_header_sys_types_h=yes
ac_cv_header_unistd_h=yes
ac_cv_host=x86_64-apple-darwin12.4.0
ac_cv_objext=o
ac_cv_path_A2X=no
ac_cv_path_DATE=/bin/date
ac_cv_path_DOXYGEN=no
ac_cv_path_EGREP='/usr/bin/grep -E'
ac_cv_path_FGREP='/usr/bin/grep -F'
ac_cv_path_GMSGFMT=:
ac_cv_path_GREP=/usr/bin/grep
ac_cv_path_MSGFMT=:
ac_cv_path_MSGMERGE=:
ac_cv_path_SED=/usr/bin/sed
ac_cv_path_VALGRIND=no
ac_cv_path_XGETTEXT=:
ac_cv_path_ac_pt_PKG_CONFIG=/usr/local/bin/pkg-config
ac_cv_path_install='/usr/bin/install -c'
ac_cv_prog_AWK=awk
ac_cv_prog_CPP='gcc -E'
ac_cv_prog_ac_ct_AR=ar
ac_cv_prog_ac_ct_CC=gcc
ac_cv_prog_ac_ct_DSYMUTIL=dsymutil
ac_cv_prog_ac_ct_LIPO=lipo
ac_cv_prog_ac_ct_NMEDIT=nmedit
ac_cv_prog_ac_ct_OTOOL=otool
ac_cv_prog_ac_ct_RANLIB=ranlib
ac_cv_prog_ac_ct_STRIP=strip
ac_cv_prog_cc_c89=
ac_cv_prog_cc_g=yes
ac_cv_prog_cc_gcc_c_o=yes
ac_cv_prog_make_make_set=yes
ac_cv_safe_to_define___extensions__=yes
ac_cv_target=x86_64-apple-darwin12.4.0
acl_cv_hardcode_direct=no
acl_cv_hardcode_libdir_flag_spec=
acl_cv_hardcode_libdir_separator=
acl_cv_hardcode_minus_L=no
acl_cv_libext=a
acl_cv_libname_spec='lib$name'
acl_cv_library_names_spec='$libname$shrext'
acl_cv_path_LD=/usr/llvm-gcc-4.2/libexec/gcc/i686-apple-darwin11/4.2.1/ld
acl_cv_prog_gnu_ld=no
acl_cv_rpath=done
acl_cv_shlibext=dylib
acl_cv_wl=-Wl,
am_cv_CC_dependencies_compiler_type=gcc3
am_cv_ar_interface=ar
am_cv_func_iconv=yes
am_cv_func_iconv_works=yes
am_cv_lib_iconv=yes
am_cv_make_support_nested_variables=yes
am_cv_prog_tar_ustar=gnutar
gt_cv_func_CFLocaleCopyCurrent=no
gt_cv_func_CFPreferencesCopyAppValue=no
gt_cv_func_gnugettext1_libc=no
gt_cv_func_gnugettext1_libintl=no
lt_cv_apple_cc_single_mod=yes
lt_cv_ar_at_file=no
lt_cv_deplibs_check_method=pass_all
lt_cv_file_magic_cmd='$MAGIC_CMD'
lt_cv_file_magic_test_file=
lt_cv_ld_exported_symbols_list=yes
lt_cv_ld_force_load=yes
lt_cv_ld_reload_flag=-r
lt_cv_nm_interface='BSD nm'
lt_cv_objdir=.libs
lt_cv_path_LD=/usr/llvm-gcc-4.2/libexec/gcc/i686-apple-darwin11/4.2.1/ld
lt_cv_path_NM=/usr/bin/nm
lt_cv_path_mainfest_tool=no
lt_cv_prog_compiler_c_o=yes
lt_cv_prog_compiler_pic='-fno-common -DPIC'
lt_cv_prog_compiler_pic_works=yes
lt_cv_prog_compiler_rtti_exceptions=no
lt_cv_prog_compiler_static_works=no
lt_cv_prog_gnu_ld=no
lt_cv_sharedlib_from_linklib_cmd='printf %s\n'
lt_cv_sys_global_symbol_pipe='sed -n -e '\''s/^.*[	 ]\([BCDEGRST][BCDEGRST]*\)[	 ][	 ]*_\([_A-Za-z][_A-Za-z0-9]*\)$/\1 _\2 \2/p'\'' | sed '\''/ __gnu_lto/d'\'''
lt_cv_sys_global_symbol_to_c_name_address='sed -n -e '\''s/^: \([^ ]*\)[ ]*$/  {\"\1\", (void *) 0},/p'\'' -e '\''s/^[BCDEGRST]* \([^ ]*\) \([^ ]*\)$/  {"\2", (void *) \&\2},/p'\'''
lt_cv_sys_global_symbol_to_c_name_address_lib_prefix='sed -n -e '\''s/^: \([^ ]*\)[ ]*$/  {\"\1\", (void *) 0},/p'\'' -e '\''s/^[BCDEGRST]* \([^ ]*\) \(lib[^ ]*\)$/  {"\2", (void *) \&\2},/p'\'' -e '\''s/^[BCDEGRST]* \([^ ]*\) \([^ ]*\)$/  {"lib\2", (void *) \&\2},/p'\'''
lt_cv_sys_global_symbol_to_cdecl='sed -n -e '\''s/^T .* \(.*\)$/extern int \1();/p'\'' -e '\''s/^[BCDEGRST]* .* \(.*\)$/extern char \1;/p'\'''
lt_cv_sys_max_cmd_len=196608
lt_cv_to_host_file_cmd=func_convert_file_noop
lt_cv_to_tool_file_cmd=func_convert_file_noop
pkg_cv_liblua_CFLAGS='-I/usr/local/include '
pkg_cv_liblua_LIBS='-L/usr/local/lib -llua -lm '

## ----------------- ##
## Output variables. ##
## ----------------- ##

A2X='no'
ACLOCAL='${SHELL} /Users/jearsh/software/quvi-devel/libquvi-0.9.4/config.aux/missing --run aclocal-1.11'
AMDEPBACKSLASH='\'
AMDEP_FALSE='#'
AMDEP_TRUE=''
AMTAR='$${TAR-tar}'
AM_BACKSLASH='\'
AM_DEFAULT_V='$(AM_DEFAULT_VERBOSITY)'
AM_DEFAULT_VERBOSITY='0'
AM_V='$(V)'
AR='ar'
AUTOCONF='${SHELL} /Users/jearsh/software/quvi-devel/libquvi-0.9.4/config.aux/missing --run autoconf'
AUTOHEADER='${SHELL} /Users/jearsh/software/quvi-devel/libquvi-0.9.4/config.aux/missing --run autoheader'
AUTOMAKE='${SHELL} /Users/jearsh/software/quvi-devel/libquvi-0.9.4/config.aux/missing --run automake-1.11'
AWK='awk'
BUILD_TIME='2013-11-25 19:45:13 -0500'
CC='gcc'
CCDEPMODE='depmode=gcc3'
CFLAGS='-g -O2'
CPP='gcc -E'
CPPFLAGS=''
CYGPATH_W='echo'
DATE='/bin/date'
DEFS=''
DEPDIR='.deps'
DLLTOOL='false'
DOXYGEN='no'
DSYMUTIL='dsymutil'
DUMPBIN=''
ECHO_C='\c'
ECHO_N=''
ECHO_T=''
EGREP='/usr/bin/grep -E'
EXEEXT=''
FGREP='/usr/bin/grep -F'
GETTEXT_MACRO_VERSION='0.18'
GETTEXT_PACKAGE='PACKAGE'
GMSGFMT=':'
GMSGFMT_015=':'
GREP='/usr/bin/grep'
HAVE_A2X_FALSE=''
HAVE_A2X_TRUE='#'
HAVE_DOXYGEN_FALSE=''
HAVE_DOXYGEN_TRUE='#'
HAVE_VALGRIND_FALSE=''
HAVE_VALGRIND_TRUE='#'
INSTALL_DATA='${INSTALL} -m 644'
INSTALL_PROGRAM='${INSTALL}'
INSTALL_SCRIPT='${INSTALL}'
INSTALL_STRIP_PROGRAM='$(install_sh) -c -s'
INTLLIBS=''
INTL_MACOSX_LIBS=''
LD='/usr/llvm-gcc-4.2/libexec/gcc/i686-apple-darwin11/4.2.1/ld'
LDFLAGS=''
LIBGCRYPT_CFLAGS=''
LIBGCRYPT_CONFIG=''
LIBGCRYPT_LIBS=''
LIBICONV='-liconv'
LIBINTL=''
LIBOBJS=''
LIBS=''
LIBTOOL='$(SHELL) $(top_builddir)/libtool'
LIPO='lipo'
LN_S='ln -s'
LTLIBICONV='-liconv'
LTLIBINTL=''
LTLIBOBJS=''
LT_AGE='0'
LT_CUR='8'
LT_REV='0'
MAKEINFO='${SHELL} /Users/jearsh/software/quvi-devel/libquvi-0.9.4/config.aux/missing --run makeinfo'
MANIFEST_TOOL=':'
MKDIR_P='config.aux/install-sh -c -d'
MSGFMT=':'
MSGFMT_015=':'
MSGMERGE=':'
NM='/usr/bin/nm'
NMEDIT='nmedit'
OBJDUMP='false'
OBJEXT='o'
OTOOL64=':'
OTOOL='otool'
PACKAGE='libquvi'
PACKAGE_BUGREPORT='http://quvi.sf.net/bugs/'
PACKAGE_NAME='libquvi'
PACKAGE_STRING='libquvi 0.9.4'
PACKAGE_TARNAME='libquvi'
PACKAGE_URL='http://quvi.sf.net/'
PACKAGE_VERSION='0.9.4'
PATH_SEPARATOR=':'
PKG_CONFIG='/usr/local/bin/pkg-config'
PKG_CONFIG_LIBDIR=''
PKG_CONFIG_PATH=''
POSUB=''
RANLIB='ranlib'
SED='/usr/bin/sed'
SET_MAKE=''
SHELL='/bin/sh'
STRIP='strip'
USE_NLS='no'
VALGRIND='no'
VERSION='0.9.4'
VN_C=''
WITH_MANUAL_FALSE=''
WITH_MANUAL_TRUE=''
XGETTEXT=':'
XGETTEXT_015=':'
XGETTEXT_EXTRA_OPTIONS=''
ac_ct_AR='ar'
ac_ct_CC='gcc'
ac_ct_DUMPBIN=''
am__EXEEXT_FALSE=''
am__EXEEXT_TRUE=''
am__fastdepCC_FALSE='#'
am__fastdepCC_TRUE=''
am__include='include'
am__isrc=''
am__leading_dot='.'
am__nodep='_no'
am__quote=''
am__tar='tar --format=ustar -chf - "$$tardir"'
am__untar='tar -xf -'
bindir='${exec_prefix}/bin'
build='x86_64-apple-darwin12.4.0'
build_alias=''
build_cpu='x86_64'
build_os='darwin12.4.0'
build_vendor='apple'
datadir='${datarootdir}'
datarootdir='${prefix}/share'
docdir='${datarootdir}/doc/${PACKAGE_TARNAME}'
dvidir='${docdir}'
exec_prefix='NONE'
glib_CFLAGS=''
glib_LIBS=''
host='x86_64-apple-darwin12.4.0'
host_alias=''
host_cpu='x86_64'
host_os='darwin12.4.0'
host_vendor='apple'
htmldir='${docdir}'
includedir='${prefix}/include'
infodir='${datarootdir}/info'
install_sh='${SHELL} /Users/jearsh/software/quvi-devel/libquvi-0.9.4/config.aux/install-sh'
libcurl_CFLAGS=''
libcurl_LIBS=''
libdir='${exec_prefix}/lib'
libexecdir='${exec_prefix}/libexec'
liblua_CFLAGS='-I/usr/local/include '
liblua_LIBS='-L/usr/local/lib -llua -lm '
libproxy_CFLAGS=''
libproxy_LIBS=''
libquvi_scripts_CFLAGS=''
libquvi_scripts_LIBS=''
localedir='${datarootdir}/locale'
localstatedir='${prefix}/var'
mandir='${datarootdir}/man'
mkdir_p='$(top_builddir)/config.aux/install-sh -c -d'
oldincludedir='/usr/include'
pdfdir='${docdir}'
prefix='NONE'
program_transform_name='s,x,x,'
psdir='${docdir}'
sbindir='${exec_prefix}/sbin'
sharedstatedir='${prefix}/com'
sysconfdir='${prefix}/etc'
target='x86_64-apple-darwin12.4.0'
target_alias=''
target_cpu='x86_64'
target_os='darwin12.4.0'
target_vendor='apple'

## ----------- ##
## confdefs.h. ##
## ----------- ##

/* confdefs.h */
#define PACKAGE_NAME "libquvi"
#define PACKAGE_TARNAME "libquvi"
#define PACKAGE_VERSION "0.9.4"
#define PACKAGE_STRING "libquvi 0.9.4"
#define PACKAGE_BUGREPORT "http://quvi.sf.net/bugs/"
#define PACKAGE_URL "http://quvi.sf.net/"
#define BUILD_OPTS ""
#define STDC_HEADERS 1
#define HAVE_SYS_TYPES_H 1
#define HAVE_SYS_STAT_H 1
#define HAVE_STDLIB_H 1
#define HAVE_STRING_H 1
#define HAVE_MEMORY_H 1
#define HAVE_STRINGS_H 1
#define HAVE_INTTYPES_H 1
#define HAVE_STDINT_H 1
#define HAVE_UNISTD_H 1
#define __EXTENSIONS__ 1
#define _ALL_SOURCE 1
#define _GNU_SOURCE 1
#define _POSIX_PTHREAD_SEMANTICS 1
#define _TANDEM_SOURCE 1
#define CANONICAL_TARGET "x86_64-apple-darwin12.4.0"
#define CANONICAL_BUILD "x86_64-apple-darwin12.4.0"
#define CANONICAL_HOST "x86_64-apple-darwin12.4.0"
#define PACKAGE "libquvi"
#define VERSION "0.9.4"
#define HAVE_ICONV 1
#define GETTEXT_PACKAGE PACKAGE
#define HAVE_DLFCN_H 1
#define LT_OBJDIR ".libs/"
#define CFLAGS "-g -O2"
#define CC "gcc"
#define BUILD_TIME "2013-11-25 19:45:13 -0500"

configure: exit 1
